2024-11-12 11:03:09,302 - INFO - Carregando dados...
2024-11-12 11:03:09,308 - INFO - |- Abrindo tela
2024-11-12 11:03:09,311 - INFO - ====== WebDriver manager ======
2024-11-12 11:03:09,767 - INFO - Get LATEST chromedriver version for google-chrome
2024-11-12 11:03:09,840 - INFO - Get LATEST chromedriver version for google-chrome
2024-11-12 11:03:09,911 - INFO - Get LATEST chromedriver version for google-chrome
2024-11-12 11:03:10,127 - INFO - WebDriver version 130.0.6723.116 selected
2024-11-12 11:03:10,133 - INFO - Modern chrome version https://storage.googleapis.com/chrome-for-testing-public/130.0.6723.116/linux64/chromedriver-linux64.zip
2024-11-12 11:03:10,134 - INFO - About to download new driver from https://storage.googleapis.com/chrome-for-testing-public/130.0.6723.116/linux64/chromedriver-linux64.zip
2024-11-12 11:03:10,365 - INFO - Driver downloading response is 200
2024-11-12 11:03:11,788 - INFO - Get LATEST chromedriver version for google-chrome
2024-11-12 11:03:12,177 - INFO - Driver has been saved in cache [/home/gabriel/.wdm/drivers/chromedriver/linux64/130.0.6723.116]
2024-11-12 11:03:14,153 - INFO - patching driver executable /home/gabriel/.local/share/undetected_chromedriver/undetected_chromedriver
2024-11-12 11:03:31,986 - INFO - Fazendo login no gmail...
2024-11-12 11:04:04,124 - INFO - Fazendo login no Mycotas...
2024-11-12 11:04:11,721 - INFO - Escolhendo o tipo de consorcio...
2024-11-12 11:04:15,832 - INFO - Configurando o input
2024-11-12 11:04:21,093 - INFO - Buscando ofertas na faixa de 55000.0...
2024-11-12 11:04:38,877 - INFO - Oportunidade encontrada na faixa de 55000.0...
2024-11-12 11:04:54,833 - INFO - Mensagem enviada com sucesso...
2024-11-12 11:04:59,185 - INFO - Oportunidade encontrada na faixa de 55000.0...
2024-11-12 11:05:14,662 - INFO - Mensagem enviada com sucesso...
2024-11-12 11:05:18,985 - INFO - Configurando o input
2024-11-12 11:05:52,015 - INFO - Buscando ofertas na faixa de 155000.0...
2024-11-12 11:06:05,365 - INFO - Oportunidade encontrada na faixa de 155000.0...
2024-11-12 11:06:20,725 - INFO - Mensagem enviada com sucesso...
2024-11-12 11:06:25,031 - INFO - Oportunidade encontrada na faixa de 155000.0...
2024-11-12 11:06:40,515 - INFO - Mensagem enviada com sucesso...
2024-11-12 11:06:44,806 - INFO - Oportunidade encontrada na faixa de 155000.0...
2024-11-12 11:07:00,153 - INFO - Mensagem enviada com sucesso...
2024-11-12 11:07:04,412 - INFO - Oportunidade encontrada na faixa de 155000.0...
2024-11-12 11:07:19,862 - INFO - Mensagem enviada com sucesso...
2024-11-12 11:07:24,166 - INFO - Oportunidade encontrada na faixa de 155000.0...
2024-11-12 11:07:39,639 - INFO - Mensagem enviada com sucesso...
2024-11-12 11:07:43,886 - INFO - Oportunidade encontrada na faixa de 155000.0...
2024-11-12 11:07:59,278 - INFO - Mensagem enviada com sucesso...
2024-11-12 11:08:03,584 - INFO - Oportunidade encontrada na faixa de 155000.0...
2024-11-12 11:08:19,054 - INFO - Mensagem enviada com sucesso...
2024-11-12 11:08:23,335 - INFO - Oportunidade encontrada na faixa de 155000.0...
2024-11-12 11:08:38,808 - INFO - Mensagem enviada com sucesso...
2024-11-12 11:08:43,073 - INFO - Oportunidade encontrada na faixa de 155000.0...
2024-11-12 11:08:58,493 - INFO - Mensagem enviada com sucesso...
2024-11-12 11:09:00,670 - INFO - Enviando Email...
2024-11-12 11:09:14,217 - INFO - Oportunidade encontrada na faixa de 155000.0...
2024-11-12 11:09:29,594 - INFO - Mensagem enviada com sucesso...
2024-11-12 11:09:33,891 - INFO - Oportunidade encontrada na faixa de 155000.0...
2024-11-12 11:09:49,392 - INFO - Mensagem enviada com sucesso...
2024-11-12 11:09:53,692 - INFO - Oportunidade encontrada na faixa de 155000.0...
2024-11-12 11:10:09,114 - INFO - Mensagem enviada com sucesso...
2024-11-12 11:10:11,307 - INFO - Enviando Email...
2024-11-12 11:10:24,669 - INFO - Configurando o input
2024-11-12 11:10:57,530 - INFO - Buscando ofertas na faixa de 255000.0...
2024-11-12 11:11:10,876 - INFO - Oportunidade encontrada na faixa de 255000.0...
2024-11-12 11:11:26,255 - INFO - Mensagem enviada com sucesso...
2024-11-12 11:11:30,584 - INFO - Oportunidade encontrada na faixa de 255000.0...
2024-11-12 11:11:46,016 - INFO - Mensagem enviada com sucesso...
2024-11-12 11:11:50,279 - INFO - Oportunidade encontrada na faixa de 255000.0...
2024-11-12 11:12:05,719 - INFO - Mensagem enviada com sucesso...
2024-11-12 11:12:10,031 - INFO - Oportunidade encontrada na faixa de 255000.0...
2024-11-12 11:12:25,513 - INFO - Mensagem enviada com sucesso...
2024-11-12 11:12:29,841 - INFO - Oportunidade encontrada na faixa de 255000.0...
2024-11-12 11:12:45,283 - INFO - Mensagem enviada com sucesso...
2024-11-12 11:12:49,608 - INFO - Oportunidade encontrada na faixa de 255000.0...
2024-11-12 11:13:05,057 - INFO - Mensagem enviada com sucesso...
2024-11-12 11:13:09,345 - INFO - Configurando o input
2024-11-12 11:13:42,509 - INFO - Buscando ofertas na faixa de 355000.0...
2024-11-12 11:13:55,857 - INFO - Oportunidade encontrada na faixa de 355000.0...
2024-11-12 11:14:11,346 - INFO - Mensagem enviada com sucesso...
2024-11-12 11:14:19,909 - INFO - Oportunidade encontrada na faixa de 355000.0...
2024-11-12 11:14:35,359 - INFO - Mensagem enviada com sucesso...
2024-11-12 11:14:39,671 - INFO - Oportunidade encontrada na faixa de 355000.0...
2024-11-12 11:14:55,285 - INFO - Mensagem enviada com sucesso...
2024-11-12 11:14:59,546 - INFO - Oportunidade encontrada na faixa de 355000.0...
2024-11-12 11:15:15,117 - INFO - Mensagem enviada com sucesso...
2024-11-12 11:15:21,506 - INFO - Oportunidade encontrada na faixa de 355000.0...
2024-11-12 11:15:37,065 - INFO - Mensagem enviada com sucesso...
2024-11-12 11:15:41,384 - INFO - Oportunidade encontrada na faixa de 355000.0...
2024-11-12 11:15:57,055 - INFO - Mensagem enviada com sucesso...
2024-11-12 11:16:01,373 - INFO - Oportunidade encontrada na faixa de 355000.0...
2024-11-12 11:16:16,902 - INFO - Mensagem enviada com sucesso...
2024-11-12 11:16:21,184 - INFO - Oportunidade encontrada na faixa de 355000.0...
2024-11-12 11:16:36,863 - INFO - Mensagem enviada com sucesso...
2024-11-12 11:16:41,151 - INFO - Oportunidade encontrada na faixa de 355000.0...
2024-11-12 11:16:56,655 - INFO - Mensagem enviada com sucesso...
2024-11-12 11:17:00,934 - INFO - Oportunidade encontrada na faixa de 355000.0...
2024-11-12 11:17:16,527 - INFO - Mensagem enviada com sucesso...
2024-11-12 11:17:20,887 - INFO - Oportunidade encontrada na faixa de 355000.0...
2024-11-12 11:17:36,422 - INFO - Mensagem enviada com sucesso...
2024-11-12 11:17:40,736 - INFO - Oportunidade encontrada na faixa de 355000.0...
2024-11-12 11:17:56,229 - INFO - Mensagem enviada com sucesso...
2024-11-12 11:18:00,493 - INFO - Oportunidade encontrada na faixa de 355000.0...
2024-11-12 11:18:16,214 - INFO - Mensagem enviada com sucesso...
2024-11-12 11:18:20,520 - INFO - Oportunidade encontrada na faixa de 355000.0...
2024-11-12 11:18:36,089 - INFO - Mensagem enviada com sucesso...
2024-11-12 11:18:40,399 - INFO - Oportunidade encontrada na faixa de 355000.0...
2024-11-12 11:18:56,063 - INFO - Mensagem enviada com sucesso...
2024-11-12 11:19:00,396 - INFO - Oportunidade encontrada na faixa de 355000.0...
2024-11-12 11:19:15,943 - INFO - Mensagem enviada com sucesso...
2024-11-12 11:19:20,254 - INFO - Oportunidade encontrada na faixa de 355000.0...
2024-11-12 11:19:35,877 - INFO - Mensagem enviada com sucesso...
2024-11-12 11:19:40,122 - INFO - Configurando o input
2024-11-12 11:20:13,034 - INFO - Buscando ofertas na faixa de 455000.0...
2024-11-12 11:20:26,312 - INFO - Oportunidade encontrada na faixa de 455000.0...
2024-11-12 12:19:39,546 - INFO - Carregando dados...
2024-11-12 12:19:39,546 - INFO - |- Abrindo tela
2024-11-12 12:19:39,547 - INFO - ====== WebDriver manager ======
2024-11-12 12:19:39,684 - INFO - Get LATEST chromedriver version for google-chrome
2024-11-12 12:19:39,740 - INFO - Get LATEST chromedriver version for google-chrome
2024-11-12 12:19:39,795 - INFO - Driver [/home/gabriel/.wdm/drivers/chromedriver/linux64/130.0.6723.116/chromedriver-linux64/chromedriver] found in cache
2024-11-12 12:19:41,776 - INFO - patching driver executable /home/gabriel/.local/share/undetected_chromedriver/undetected_chromedriver
2024-11-12 12:19:53,325 - INFO - Fazendo login no gmail...
2024-11-12 12:20:53,539 - INFO - Fazendo login no Mycotas...
2024-11-12 12:21:01,085 - INFO - Escolhendo o tipo de consorcio...
2024-11-12 12:21:05,295 - INFO - Configurando o input
2024-11-12 12:21:10,550 - INFO - Buscando ofertas na faixa de 55000.0...
2024-11-12 12:22:14,750 - INFO - Carregando dados...
2024-11-12 12:22:14,753 - INFO - |- Abrindo tela
2024-11-12 12:22:14,755 - INFO - ====== WebDriver manager ======
2024-11-12 12:22:14,895 - INFO - Get LATEST chromedriver version for google-chrome
2024-11-12 12:22:14,964 - INFO - Get LATEST chromedriver version for google-chrome
2024-11-12 12:22:15,020 - INFO - Driver [/home/gabriel/.wdm/drivers/chromedriver/linux64/130.0.6723.116/chromedriver-linux64/chromedriver] found in cache
2024-11-12 12:22:16,989 - INFO - patching driver executable /home/gabriel/.local/share/undetected_chromedriver/undetected_chromedriver
2024-11-12 12:22:31,029 - INFO - Fazendo login no gmail...
2024-11-12 12:23:18,155 - INFO - Fazendo login no Mycotas...
2024-11-12 12:23:25,633 - INFO - Escolhendo o tipo de consorcio...
2024-11-12 12:23:29,771 - INFO - Configurando o input
2024-11-12 12:23:34,988 - INFO - Buscando ofertas na faixa de 55000.0...
2024-11-12 12:24:42,974 - INFO - Oportunidade encontrada na faixa de 55000.0...
2024-11-12 12:57:43,702 - INFO - Carregando dados...
2024-11-12 12:57:43,707 - INFO - |- Abrindo tela
2024-11-12 12:57:43,710 - INFO - ====== WebDriver manager ======
2024-11-12 12:57:43,853 - INFO - Get LATEST chromedriver version for google-chrome
2024-11-12 12:57:44,019 - INFO - Get LATEST chromedriver version for google-chrome
2024-11-12 12:57:44,074 - INFO - Driver [/home/gabriel/.wdm/drivers/chromedriver/linux64/130.0.6723.116/chromedriver-linux64/chromedriver] found in cache
2024-11-12 12:57:46,109 - INFO - patching driver executable /home/gabriel/.local/share/undetected_chromedriver/undetected_chromedriver
2024-11-12 12:58:00,563 - INFO - Fazendo login no gmail...
2024-11-12 12:58:31,013 - INFO - Fazendo login no Mycotas...
2024-11-12 12:58:37,609 - INFO - Escolhendo o tipo de consorcio...
2024-11-12 12:58:41,740 - INFO - Configurando o input
2024-11-12 12:58:47,061 - INFO - Buscando ofertas na faixa de 55000.0...
2024-11-12 12:59:16,014 - INFO - Lendo identificadores
2024-11-12 12:59:16,014 - INFO - Oportunidade encontrada na faixa de 55000.0...
2024-11-12 12:59:31,338 - INFO - Mensagem enviada com sucesso...
2024-11-12 13:01:49,555 - INFO - Carregando dados...
2024-11-12 13:01:49,558 - INFO - |- Abrindo tela
2024-11-12 13:01:49,560 - INFO - ====== WebDriver manager ======
2024-11-12 13:01:49,698 - INFO - Get LATEST chromedriver version for google-chrome
2024-11-12 13:01:49,769 - INFO - Get LATEST chromedriver version for google-chrome
2024-11-12 13:01:49,834 - INFO - Driver [/home/gabriel/.wdm/drivers/chromedriver/linux64/130.0.6723.116/chromedriver-linux64/chromedriver] found in cache
2024-11-12 13:01:51,820 - INFO - patching driver executable /home/gabriel/.local/share/undetected_chromedriver/undetected_chromedriver
2024-11-12 13:02:06,092 - INFO - Fazendo login no gmail...
2024-11-12 13:03:01,342 - INFO - Fazendo login no Mycotas...
2024-11-12 13:03:08,736 - INFO - Escolhendo o tipo de consorcio...
2024-11-12 13:03:12,874 - INFO - Configurando o input
2024-11-12 13:03:18,093 - INFO - Buscando ofertas na faixa de 55000.0...
2024-11-12 13:03:54,333 - INFO - Lendo identificadores
2024-11-12 13:03:54,334 - INFO - Oportunidade encontrada na faixa de 55000.0...
2024-11-12 13:04:09,578 - INFO - Mensagem enviada com sucesso...
2024-11-12 13:04:31,609 - INFO - Carregando dados...
2024-11-12 13:04:31,613 - INFO - |- Abrindo tela
2024-11-12 13:04:31,615 - INFO - ====== WebDriver manager ======
2024-11-12 13:04:31,756 - INFO - Get LATEST chromedriver version for google-chrome
2024-11-12 13:04:31,824 - INFO - Get LATEST chromedriver version for google-chrome
2024-11-12 13:04:31,881 - INFO - Driver [/home/gabriel/.wdm/drivers/chromedriver/linux64/130.0.6723.116/chromedriver-linux64/chromedriver] found in cache
2024-11-12 13:04:33,796 - INFO - patching driver executable /home/gabriel/.local/share/undetected_chromedriver/undetected_chromedriver
2024-11-12 13:04:48,174 - INFO - Fazendo login no gmail...
2024-11-12 13:05:33,458 - INFO - Fazendo login no Mycotas...
2024-11-12 13:05:40,750 - INFO - Escolhendo o tipo de consorcio...
2024-11-12 13:05:44,854 - INFO - Configurando o input
2024-11-12 13:05:50,161 - INFO - Buscando ofertas na faixa de 55000.0...
2024-11-12 13:06:09,074 - INFO - Lendo identificadores
2024-11-12 13:06:09,074 - INFO - Oportunidade encontrada na faixa de 55000.0...
2024-11-12 13:06:24,284 - INFO - Mensagem enviada com sucesso...
2024-11-12 13:06:26,358 - INFO - Enviando Email...
2024-11-12 13:06:49,511 - INFO - Carregando dados...
2024-11-12 13:06:49,517 - INFO - |- Abrindo tela
2024-11-12 13:06:49,521 - INFO - ====== WebDriver manager ======
2024-11-12 13:06:49,688 - INFO - Get LATEST chromedriver version for google-chrome
2024-11-12 13:06:49,754 - INFO - Get LATEST chromedriver version for google-chrome
2024-11-12 13:06:49,806 - INFO - Driver [/home/gabriel/.wdm/drivers/chromedriver/linux64/130.0.6723.116/chromedriver-linux64/chromedriver] found in cache
2024-11-12 13:06:51,790 - INFO - patching driver executable /home/gabriel/.local/share/undetected_chromedriver/undetected_chromedriver
2024-11-12 13:07:03,672 - INFO - Fazendo login no gmail...
2024-11-12 13:07:47,017 - INFO - Fazendo login no Mycotas...
2024-11-12 13:07:54,384 - INFO - Escolhendo o tipo de consorcio...
2024-11-12 13:07:58,604 - INFO - Configurando o input
2024-11-12 13:08:03,895 - INFO - Buscando ofertas na faixa de 55000.0...
2024-11-12 13:08:19,389 - INFO - Lendo identificadores
2024-11-12 13:08:19,389 - INFO - Oportunidade encontrada na faixa de 55000.0...
2024-11-12 13:08:34,626 - INFO - Mensagem enviada com sucesso...
2024-11-12 13:08:36,730 - INFO - Enviando Email...
2024-11-12 13:08:51,453 - INFO - Lendo identificadores
2024-11-12 13:08:51,453 - INFO - Oportunidade encontrada na faixa de 55000.0...
2024-11-12 13:09:06,387 - INFO - Mensagem enviada com sucesso...
2024-11-12 13:09:08,495 - INFO - Enviando Email...
2024-11-12 13:09:20,622 - INFO - Lendo identificadores
2024-11-12 13:09:20,622 - INFO - Oportunidade encontrada na faixa de 55000.0...
2024-11-12 13:09:35,587 - INFO - Mensagem enviada com sucesso...
2024-11-12 13:09:37,691 - INFO - Enviando Email...
2024-11-12 13:09:50,044 - INFO - Configurando o input
2024-11-12 13:12:18,588 - INFO - Carregando dados...
2024-11-12 13:12:18,589 - INFO - |- Abrindo tela
2024-11-12 13:12:18,589 - INFO - ====== WebDriver manager ======
2024-11-12 13:12:18,722 - INFO - Get LATEST chromedriver version for google-chrome
2024-11-12 13:12:18,775 - INFO - Get LATEST chromedriver version for google-chrome
2024-11-12 13:12:18,833 - INFO - Driver [/home/gabriel/.wdm/drivers/chromedriver/linux64/130.0.6723.116/chromedriver-linux64/chromedriver] found in cache
2024-11-12 13:12:20,771 - INFO - patching driver executable /home/gabriel/.local/share/undetected_chromedriver/undetected_chromedriver
2024-11-12 13:12:34,554 - INFO - Fazendo login no gmail...
2024-11-12 13:13:05,263 - INFO - Fazendo login no Mycotas...
2024-11-12 13:13:11,940 - INFO - Escolhendo o tipo de consorcio...
2024-11-12 13:13:16,159 - INFO - Configurando o input
2024-11-12 13:13:21,419 - INFO - Buscando ofertas na faixa de 55000.0...
2024-11-12 13:13:36,855 - INFO - Lendo identificadores
2024-11-12 13:13:36,856 - INFO - Oportunidade encontrada na faixa de 55000.0...
2024-11-12 13:13:52,190 - INFO - Mensagem enviada com sucesso...
2024-11-12 13:13:54,271 - INFO - Enviando Email...
2024-11-12 13:14:08,857 - INFO - Lendo identificadores
2024-11-12 13:14:08,857 - INFO - Oportunidade encontrada na faixa de 55000.0...
2024-11-12 13:14:23,810 - INFO - Mensagem enviada com sucesso...
2024-11-12 13:14:25,903 - INFO - Enviando Email...
2024-11-12 13:14:37,823 - INFO - Lendo identificadores
2024-11-12 13:14:37,823 - INFO - Oportunidade encontrada na faixa de 55000.0...
2024-11-12 13:15:30,045 - INFO - Carregando dados...
2024-11-12 13:15:30,045 - INFO - |- Abrindo tela
2024-11-12 13:15:30,047 - INFO - ====== WebDriver manager ======
2024-11-12 13:15:30,203 - INFO - Get LATEST chromedriver version for google-chrome
2024-11-12 13:15:30,256 - INFO - Get LATEST chromedriver version for google-chrome
2024-11-12 13:15:30,305 - INFO - Driver [/home/gabriel/.wdm/drivers/chromedriver/linux64/130.0.6723.116/chromedriver-linux64/chromedriver] found in cache
2024-11-12 13:15:32,302 - INFO - patching driver executable /home/gabriel/.local/share/undetected_chromedriver/undetected_chromedriver
2024-11-12 13:15:46,766 - INFO - Fazendo login no gmail...
2024-11-12 13:16:21,902 - INFO - Fazendo login no Mycotas...
2024-11-12 13:16:29,133 - INFO - Escolhendo o tipo de consorcio...
2024-11-12 13:16:33,321 - INFO - Configurando o input
2024-11-12 13:16:38,600 - INFO - Buscando ofertas na faixa de 55000.0...
2024-11-12 13:16:54,108 - INFO - Lendo identificadores
2024-11-12 13:16:54,108 - INFO - Oportunidade encontrada na faixa de 55000.0...
2024-11-12 13:17:09,450 - INFO - Mensagem enviada com sucesso...
2024-11-12 13:17:15,770 - INFO - Lendo identificadores
2024-11-12 13:17:15,770 - INFO - Oportunidade encontrada na faixa de 55000.0...
2024-11-12 13:17:30,674 - INFO - Mensagem enviada com sucesso...
2024-11-12 13:17:34,871 - INFO - Lendo identificadores
2024-11-12 13:17:34,872 - INFO - Oportunidade encontrada na faixa de 55000.0...
2024-11-12 13:17:49,761 - INFO - Mensagem enviada com sucesso...
2024-11-12 13:17:51,828 - INFO - Enviando Email...
2024-11-12 13:18:04,592 - INFO - Configurando o input
2024-11-12 13:18:21,892 - INFO - Carregando dados...
2024-11-12 13:18:21,893 - INFO - |- Abrindo tela
2024-11-12 13:18:21,894 - INFO - ====== WebDriver manager ======
2024-11-12 13:18:22,026 - INFO - Get LATEST chromedriver version for google-chrome
2024-11-12 13:18:22,080 - INFO - Get LATEST chromedriver version for google-chrome
2024-11-12 13:18:22,137 - INFO - Driver [/home/gabriel/.wdm/drivers/chromedriver/linux64/130.0.6723.116/chromedriver-linux64/chromedriver] found in cache
2024-11-12 13:18:24,170 - INFO - patching driver executable /home/gabriel/.local/share/undetected_chromedriver/undetected_chromedriver
2024-11-12 13:18:38,015 - INFO - Fazendo login no gmail...
2024-11-12 13:19:05,672 - INFO - Fazendo login no Mycotas...
2024-11-12 13:19:12,414 - INFO - Escolhendo o tipo de consorcio...
2024-11-12 13:19:16,563 - INFO - Configurando o input
2024-11-12 13:19:21,861 - INFO - Buscando ofertas na faixa de 55000.0...
2024-11-12 13:19:37,400 - INFO - Lendo identificadores
2024-11-12 13:19:37,401 - INFO - Oportunidade encontrada na faixa de 55000.0...
2024-11-12 13:19:52,848 - INFO - Mensagem enviada com sucesso...
2024-11-12 13:19:59,139 - INFO - Lendo identificadores
2024-11-12 13:19:59,139 - INFO - Oportunidade encontrada na faixa de 55000.0...
2024-11-12 13:20:14,254 - INFO - Mensagem enviada com sucesso...
2024-11-12 13:20:18,547 - INFO - Lendo identificadores
2024-11-12 13:20:18,548 - INFO - Oportunidade encontrada na faixa de 55000.0...
2024-11-12 13:20:33,504 - INFO - Mensagem enviada com sucesso...
2024-11-12 13:20:37,657 - INFO - Configurando o input
2024-11-12 13:21:10,316 - INFO - Buscando ofertas na faixa de 155000.0...
2024-11-12 13:21:23,545 - INFO - Lendo identificadores
2024-11-12 13:21:23,545 - INFO - Oportunidade encontrada na faixa de 155000.0...
2024-11-12 13:21:38,446 - INFO - Mensagem enviada com sucesso...
2024-11-12 13:21:40,661 - INFO - Enviando Email...
2024-11-12 13:21:53,637 - INFO - Lendo identificadores
2024-11-12 13:21:53,637 - INFO - Oportunidade encontrada na faixa de 155000.0...
2024-11-12 13:22:08,591 - INFO - Mensagem enviada com sucesso...
2024-11-12 13:22:10,675 - INFO - Enviando Email...
2024-11-12 13:22:22,618 - INFO - Lendo identificadores
2024-11-12 13:22:22,619 - INFO - Oportunidade encontrada na faixa de 155000.0...
2024-11-12 13:22:37,631 - INFO - Mensagem enviada com sucesso...
2024-11-12 13:22:39,740 - INFO - Enviando Email...
2024-11-12 13:22:51,972 - INFO - Lendo identificadores
2024-11-12 13:22:51,972 - INFO - Oportunidade encontrada na faixa de 155000.0...
2024-11-12 13:23:46,683 - INFO - Carregando dados...
2024-11-12 13:23:46,684 - INFO - |- Abrindo tela
2024-11-12 13:23:46,684 - INFO - ====== WebDriver manager ======
2024-11-12 13:23:46,823 - INFO - Get LATEST chromedriver version for google-chrome
2024-11-12 13:23:46,878 - INFO - Get LATEST chromedriver version for google-chrome
2024-11-12 13:23:46,931 - INFO - Driver [/home/gabriel/.wdm/drivers/chromedriver/linux64/130.0.6723.116/chromedriver-linux64/chromedriver] found in cache
2024-11-12 13:23:49,158 - INFO - patching driver executable /home/gabriel/.local/share/undetected_chromedriver/undetected_chromedriver
2024-11-12 13:24:04,316 - INFO - Fazendo login no gmail...
2024-11-12 13:24:38,519 - INFO - Fazendo login no Mycotas...
2024-11-12 13:24:54,599 - INFO - Carregando dados...
2024-11-12 13:24:54,600 - INFO - |- Abrindo tela
2024-11-12 13:24:54,601 - INFO - ====== WebDriver manager ======
2024-11-12 13:24:54,766 - INFO - Get LATEST chromedriver version for google-chrome
2024-11-12 13:24:54,820 - INFO - Get LATEST chromedriver version for google-chrome
2024-11-12 13:24:54,870 - INFO - Driver [/home/gabriel/.wdm/drivers/chromedriver/linux64/130.0.6723.116/chromedriver-linux64/chromedriver] found in cache
2024-11-12 13:24:56,887 - INFO - patching driver executable /home/gabriel/.local/share/undetected_chromedriver/undetected_chromedriver
2024-11-12 13:25:10,688 - INFO - Fazendo login no gmail...
2024-11-12 13:25:41,481 - INFO - Fazendo login no Mycotas...
2024-11-12 13:25:48,201 - INFO - Escolhendo o tipo de consorcio...
2024-11-12 13:25:52,341 - INFO - Configurando o input
2024-11-12 13:25:57,646 - INFO - Buscando ofertas na faixa de 55000.0...
2024-11-12 13:26:21,567 - INFO - Configurando o input
2024-11-12 13:26:54,168 - INFO - Buscando ofertas na faixa de 155000.0...
2024-11-12 13:27:32,616 - INFO - Configurando o input
2024-11-12 13:28:05,281 - INFO - Buscando ofertas na faixa de 255000.0...
2024-11-12 13:28:26,844 - INFO - Lendo identificadores
2024-11-12 13:28:26,845 - INFO - Oportunidade encontrada na faixa de 255000.0...
2024-11-12 13:28:42,108 - INFO - Mensagem enviada com sucesso...
2024-11-12 13:28:44,206 - INFO - Enviando Email...
2024-11-12 13:28:58,780 - INFO - Configurando o input
2024-11-12 13:29:31,432 - INFO - Buscando ofertas na faixa de 355000.0...
2024-11-12 13:30:26,817 - INFO - Configurando o input
2024-11-12 13:30:59,544 - INFO - Buscando ofertas na faixa de 455000.0...
2024-11-12 13:31:16,906 - INFO - Configurando o input
2024-11-12 13:31:49,633 - INFO - Buscando ofertas na faixa de 555000.0...
2024-11-12 13:32:07,055 - INFO - Configurando o input
2024-11-12 13:32:39,824 - INFO - Buscando ofertas na faixa de 655000.0...
2024-11-12 13:32:57,219 - INFO - Configurando o input
2024-11-12 13:33:12,580 - INFO - Buscando ofertas na faixa de 700000.0...
2024-11-12 13:33:27,808 - INFO - Entrando em modo de espera...
2024-11-12 13:35:05,853 - INFO - Carregando dados...
2024-11-12 13:35:05,853 - INFO - |- Abrindo tela
2024-11-12 13:35:05,855 - INFO - ====== WebDriver manager ======
2024-11-12 13:35:05,993 - INFO - Get LATEST chromedriver version for google-chrome
2024-11-12 13:35:06,064 - INFO - Get LATEST chromedriver version for google-chrome
2024-11-12 13:35:06,124 - INFO - Driver [/home/gabriel/.wdm/drivers/chromedriver/linux64/130.0.6723.116/chromedriver-linux64/chromedriver] found in cache
2024-11-12 13:35:08,328 - INFO - patching driver executable /home/gabriel/.local/share/undetected_chromedriver/undetected_chromedriver
2024-11-12 13:35:24,147 - INFO - Fazendo login no gmail...
2024-11-12 13:35:53,519 - INFO - Fazendo login no Mycotas...
2024-11-12 13:36:00,191 - INFO - Escolhendo o tipo de consorcio...
2024-11-12 13:36:04,353 - INFO - Configurando o input
2024-11-12 13:36:09,615 - INFO - Buscando ofertas na faixa de 55000.0...
2024-11-12 13:36:33,602 - INFO - Configurando o input
2024-11-12 13:37:21,947 - INFO - Buscando ofertas na faixa de 205000.0...
2024-11-12 13:37:56,267 - INFO - Lendo identificadores
2024-11-12 13:37:56,268 - INFO - Oportunidade encontrada na faixa de 205000.0...
2024-11-12 13:38:11,524 - INFO - Mensagem enviada com sucesso...
2024-11-12 13:38:17,786 - INFO - Configurando o input
2024-11-12 13:39:06,243 - INFO - Buscando ofertas na faixa de 355000.0...
2024-11-12 13:40:01,532 - INFO - Configurando o input
2024-11-12 13:40:49,990 - INFO - Buscando ofertas na faixa de 505000.0...
2024-11-12 13:41:09,451 - INFO - Configurando o input
2024-11-12 13:41:57,953 - INFO - Buscando ofertas na faixa de 655000.0...
2024-11-12 13:42:15,386 - INFO - Configurando o input
2024-11-12 13:42:30,727 - INFO - Buscando ofertas na faixa de 700000.0...
2024-11-12 13:42:45,992 - INFO - Entrando em modo de espera...
2024-11-12 13:43:00,307 - INFO - Carregando dados...
2024-11-12 13:43:00,307 - INFO - |- Abrindo tela
2024-11-12 13:43:00,308 - INFO - ====== WebDriver manager ======
2024-11-12 13:43:00,437 - INFO - Get LATEST chromedriver version for google-chrome
2024-11-12 13:43:00,487 - INFO - Get LATEST chromedriver version for google-chrome
2024-11-12 13:43:00,540 - INFO - Driver [/home/gabriel/.wdm/drivers/chromedriver/linux64/130.0.6723.116/chromedriver-linux64/chromedriver] found in cache
2024-11-12 13:43:04,000 - INFO - patching driver executable /home/gabriel/.local/share/undetected_chromedriver/undetected_chromedriver
2024-11-12 13:43:06,295 - INFO - Carregando dados...
2024-11-12 13:43:06,296 - INFO - |- Abrindo tela
2024-11-12 13:43:06,298 - INFO - ====== WebDriver manager ======
2024-11-12 13:43:06,479 - INFO - Get LATEST chromedriver version for google-chrome
2024-11-12 13:43:06,532 - INFO - Get LATEST chromedriver version for google-chrome
2024-11-12 13:43:06,583 - INFO - Driver [/home/gabriel/.wdm/drivers/chromedriver/linux64/130.0.6723.116/chromedriver-linux64/chromedriver] found in cache
2024-11-12 13:43:07,933 - ERROR - Abrindo tela: ('Connection aborted.', RemoteDisconnected('Remote end closed connection without response'))
2024-11-12 13:43:08,897 - INFO - patching driver executable /home/gabriel/.local/share/undetected_chromedriver/undetected_chromedriver
2024-11-12 14:27:48,528 - INFO - Carregando dados...
2024-11-12 14:27:48,529 - INFO - |- Abrindo tela
2024-11-12 14:27:48,530 - INFO - ====== WebDriver manager ======
2024-11-12 14:27:48,665 - INFO - Get LATEST chromedriver version for google-chrome
2024-11-12 14:27:48,727 - INFO - Get LATEST chromedriver version for google-chrome
2024-11-12 14:27:48,773 - INFO - Driver [/home/gabriel/.wdm/drivers/chromedriver/linux64/130.0.6723.116/chromedriver-linux64/chromedriver] found in cache
2024-11-12 14:27:50,816 - INFO - patching driver executable /home/gabriel/.local/share/undetected_chromedriver/undetected_chromedriver
2024-11-12 14:28:05,240 - INFO - Fazendo login no gmail...
