2024-11-02 00:07:23,020 - INFO - Carregando dados...
2024-11-02 00:07:23,021 - INFO - |- Abrindo tela
2024-11-02 00:07:23,022 - INFO - ====== WebDriver manager ======
2024-11-02 00:07:23,390 - INFO - Get LATEST chromedriver version for google-chrome
2024-11-02 00:07:23,549 - INFO - Get LATEST chromedriver version for google-chrome
2024-11-02 00:07:23,600 - INFO - Get LATEST chromedriver version for google-chrome
2024-11-02 00:07:23,734 - INFO - WebDriver version 130.0.6723.91 selected
2024-11-02 00:07:23,738 - INFO - Modern chrome version https://storage.googleapis.com/chrome-for-testing-public/130.0.6723.91/linux64/chromedriver-linux64.zip
2024-11-02 00:07:23,738 - INFO - About to download new driver from https://storage.googleapis.com/chrome-for-testing-public/130.0.6723.91/linux64/chromedriver-linux64.zip
2024-11-02 00:07:23,979 - INFO - Driver downloading response is 200
2024-11-02 00:07:25,414 - INFO - Get LATEST chromedriver version for google-chrome
2024-11-02 00:07:25,747 - INFO - Driver has been saved in cache [/home/gabriel/.wdm/drivers/chromedriver/linux64/130.0.6723.91]
2024-11-02 00:07:27,713 - INFO - patching driver executable /home/gabriel/.local/share/undetected_chromedriver/undetected_chromedriver
2024-11-02 00:07:32,303 - INFO - Fazendo login...
2024-11-02 00:07:39,008 - INFO - Escolhendo consorcio...
2024-11-02 00:07:43,164 - INFO - Configurando o input
2024-11-02 00:07:48,297 - INFO - Buscando ofertas na faixa de 55000.0...
2024-11-02 00:08:01,695 - INFO - Oportunidade encontrada na faixa de 55000.0...
2024-11-02 00:08:15,795 - INFO - Mensagem enviada com sucesso...
2024-11-02 00:08:19,951 - INFO - Oportunidade encontrada na faixa de 55000.0...
2024-11-02 00:08:34,165 - INFO - Mensagem enviada com sucesso...
2024-11-02 00:08:38,250 - INFO - Configurando o input
2024-11-02 00:08:45,624 - INFO - Buscando ofertas na faixa de 75000.0...
2024-11-02 00:09:11,382 - INFO - Configurando o input
2024-11-02 00:09:18,787 - INFO - Buscando ofertas na faixa de 95000.0...
2024-11-02 00:09:50,967 - INFO - Oportunidade encontrada na faixa de 95000.0...
2024-11-02 00:10:05,085 - INFO - Mensagem enviada com sucesso...
2024-11-02 00:10:07,137 - INFO - Oportunidade encontrada na faixa de 95000.0...
2024-11-02 00:10:21,093 - INFO - Mensagem enviada com sucesso...
2024-11-02 00:10:23,115 - INFO - Configurando o input
2024-11-02 00:10:30,481 - INFO - Buscando ofertas na faixa de 115000.0...
2024-11-02 00:10:49,872 - INFO - Oportunidade encontrada na faixa de 115000.0...
2024-11-02 00:11:03,936 - INFO - Mensagem enviada com sucesso...
2024-11-02 00:11:05,985 - INFO - Oportunidade encontrada na faixa de 115000.0...
2024-11-02 00:11:19,951 - INFO - Mensagem enviada com sucesso...
2024-11-02 00:11:24,176 - INFO - Oportunidade encontrada na faixa de 115000.0...
