2024-10-25 00:43:49,589 - INFO - Carregando dados...
2024-10-25 00:43:49,621 - INFO - Abrindo tela...
2024-10-25 00:43:49,623 - INFO - ====== WebDriver manager ======
2024-10-25 00:44:32,229 - INFO - Carregando dados...
2024-10-25 00:44:32,231 - INFO - Abrindo tela...
2024-10-25 00:44:37,843 - INFO - Fazendo login...
2024-10-25 00:44:45,042 - INFO - Escolhendo consorcio...
2024-10-25 00:44:49,262 - INFO - Configurando o input
2024-10-25 01:10:22,117 - INFO - Carregando dados...
2024-10-25 01:10:22,122 - INFO - Abrindo tela...
2024-10-25 01:10:27,101 - INFO - Fazendo login...
2024-10-25 01:10:33,985 - INFO - Escolhendo consorcio...
2024-10-25 01:10:38,135 - INFO - Configurando o input
2024-10-25 01:18:02,991 - INFO - Carregando dados...
2024-10-25 01:18:02,995 - INFO - Abrindo tela...
2024-10-25 01:18:08,184 - INFO - Fazendo login...
2024-10-25 01:18:14,859 - INFO - Escolhendo consorcio...
2024-10-25 01:18:19,070 - INFO - Configurando o input
2024-10-25 01:18:42,781 - INFO - Carregando dados...
2024-10-25 01:18:42,784 - INFO - Abrindo tela...
2024-10-25 01:18:46,205 - INFO - Fazendo login...
2024-10-25 01:18:55,177 - INFO - Escolhendo consorcio...
2024-10-25 01:18:59,314 - INFO - Configurando o input
2024-10-25 01:20:11,991 - INFO - Carregando dados...
2024-10-25 01:20:11,994 - INFO - Abrindo tela...
2024-10-25 01:20:17,247 - INFO - Fazendo login...
2024-10-25 01:20:24,364 - INFO - Escolhendo consorcio...
2024-10-25 01:20:28,502 - INFO - Configurando o input
2024-10-25 01:21:22,023 - INFO - Carregando dados...
2024-10-25 01:21:22,027 - INFO - Abrindo tela...
2024-10-25 01:21:26,982 - INFO - Fazendo login...
2024-10-25 01:21:33,476 - INFO - Escolhendo consorcio...
2024-10-25 01:21:37,597 - INFO - Configurando o input
2024-10-25 01:22:02,593 - INFO - Carregando dados...
2024-10-25 01:22:02,596 - INFO - Abrindo tela...
2024-10-25 01:22:06,781 - INFO - Fazendo login...
2024-10-25 01:22:13,294 - INFO - Escolhendo consorcio...
2024-10-25 01:22:17,475 - INFO - Configurando o input
2024-10-25 01:22:40,867 - INFO - Carregando dados...
2024-10-25 01:22:40,870 - INFO - Abrindo tela...
2024-10-25 01:22:43,702 - INFO - Fazendo login...
2024-10-25 01:22:52,510 - INFO - Escolhendo consorcio...
2024-10-25 01:22:56,616 - INFO - Configurando o input
2024-10-25 01:23:42,194 - INFO - Buscando ofertas...
2024-10-25 01:23:51,308 - INFO - Buscando ofertas...
2024-10-25 01:24:31,125 - INFO - Carregando dados...
2024-10-25 01:24:31,129 - INFO - Abrindo tela...
2024-10-25 01:24:36,327 - INFO - Fazendo login...
2024-10-25 01:24:43,686 - INFO - Escolhendo consorcio...
2024-10-25 01:24:47,838 - INFO - Configurando o input
2024-10-25 01:25:31,873 - INFO - Buscando ofertas...
2024-10-25 01:31:12,815 - INFO - Carregando dados...
2024-10-25 01:31:12,818 - INFO - Abrindo tela...
2024-10-25 01:31:18,338 - INFO - Fazendo login...
2024-10-25 01:31:25,068 - INFO - Escolhendo consorcio...
2024-10-25 01:31:29,210 - INFO - Configurando o input
2024-10-25 02:06:14,964 - INFO - Carregando dados...
2024-10-25 02:06:14,980 - INFO - Abrindo tela...
2024-10-25 02:06:20,743 - INFO - Fazendo login...
2024-10-25 02:06:27,693 - INFO - Escolhendo consorcio...
2024-10-25 02:07:03,418 - INFO - Carregando dados...
2024-10-25 02:10:06,644 - INFO - Carregando dados...
2024-10-25 02:10:31,583 - INFO - Carregando dados...
2024-10-25 02:11:16,365 - INFO - Carregando dados...
2024-10-25 02:17:43,013 - INFO - Carregando dados...
2024-10-25 02:17:43,033 - INFO - Abrindo tela...
2024-10-25 02:17:46,277 - INFO - Fazendo login...
2024-10-25 02:17:55,575 - INFO - Escolhendo consorcio...
2024-10-25 02:17:59,844 - INFO - Configurando o input
2024-10-25 02:18:38,589 - INFO - Buscando ofertas...
2024-10-25 02:19:38,758 - INFO - Carregando dados...
2024-10-25 02:19:38,764 - INFO - Abrindo tela...
2024-10-25 02:19:41,663 - INFO - Fazendo login...
2024-10-25 02:19:51,083 - INFO - Escolhendo consorcio...
2024-10-25 02:19:55,331 - INFO - Configurando o input
2024-10-25 02:20:29,913 - INFO - Buscando ofertas...
2024-10-25 02:21:48,769 - INFO - Buscando ofertas...
2024-10-25 02:22:27,021 - INFO - Carregando dados...
2024-10-25 02:22:27,024 - INFO - Abrindo tela...
2024-10-25 02:22:32,019 - INFO - Fazendo login...
2024-10-25 02:22:38,505 - INFO - Escolhendo consorcio...
2024-10-25 02:22:42,673 - INFO - Configurando o input
2024-10-25 02:23:22,692 - INFO - Buscando ofertas...
2024-10-25 02:23:36,409 - INFO - Buscando ofertas...
2024-10-25 02:24:08,437 - INFO - Carregando dados...
2024-10-25 02:24:08,442 - INFO - Abrindo tela...
2024-10-25 02:24:10,930 - INFO - Fazendo login...
2024-10-25 02:24:20,305 - INFO - Escolhendo consorcio...
2024-10-25 02:24:24,443 - INFO - Configurando o input
2024-10-25 02:25:04,098 - INFO - Buscando ofertas...
2024-10-25 02:27:15,828 - INFO - Buscando ofertas...
2024-10-25 02:28:44,392 - INFO - Carregando dados...
2024-10-25 02:28:44,396 - INFO - Abrindo tela...
2024-10-25 02:28:47,081 - INFO - Fazendo login...
2024-10-25 02:28:55,873 - INFO - Escolhendo consorcio...
2024-10-25 02:29:00,021 - INFO - Configurando o input
2024-10-25 02:29:44,527 - INFO - Buscando ofertas...
2024-10-25 02:48:11,929 - INFO - Carregando dados...
2024-10-25 02:48:11,934 - INFO - Abrindo tela...
2024-10-25 02:48:17,673 - INFO - Fazendo login...
2024-10-25 02:48:24,759 - INFO - Escolhendo consorcio...
2024-10-25 02:48:29,279 - INFO - Configurando o input
2024-10-25 02:49:03,882 - INFO - Carregando dados...
2024-10-25 02:49:03,886 - INFO - Abrindo tela...
2024-10-25 02:49:06,391 - INFO - Fazendo login...
2024-10-25 02:49:15,675 - INFO - Escolhendo consorcio...
2024-10-25 02:49:19,879 - INFO - Configurando o input
2024-10-25 02:50:00,845 - INFO - Buscando ofertas...
2024-10-25 02:50:20,583 - INFO - Configurando o input
2024-10-25 02:52:10,604 - INFO - Carregando dados...
2024-10-25 02:52:10,608 - INFO - Abrindo tela...
2024-10-25 02:52:16,850 - INFO - Fazendo login...
2024-10-25 02:52:23,501 - INFO - Escolhendo consorcio...
2024-10-25 02:52:27,661 - INFO - Configurando o input
2024-10-25 02:53:18,522 - INFO - Buscando ofertas...
2024-10-25 02:53:42,684 - INFO - Carregando dados...
2024-10-25 02:53:42,688 - INFO - Abrindo tela...
2024-10-25 02:53:45,651 - INFO - Fazendo login...
2024-10-25 02:53:55,219 - INFO - Escolhendo consorcio...
2024-10-25 02:53:59,362 - INFO - Configurando o input
2024-10-25 02:54:34,245 - INFO - Buscando ofertas...
2024-10-25 02:55:08,514 - INFO - Carregando dados...
2024-10-25 02:55:08,517 - INFO - Abrindo tela...
2024-10-25 02:55:16,463 - INFO - Fazendo login...
2024-10-25 02:55:23,032 - INFO - Escolhendo consorcio...
2024-10-25 02:55:27,202 - INFO - Configurando o input
2024-10-25 02:56:01,719 - INFO - Buscando ofertas...
2024-10-25 02:59:29,339 - INFO - Carregando dados...
2024-10-25 02:59:29,343 - INFO - Abrindo tela...
2024-10-25 02:59:35,033 - INFO - Fazendo login...
2024-10-25 02:59:41,638 - INFO - Escolhendo consorcio...
2024-10-25 02:59:45,865 - INFO - Configurando o input
2024-10-25 03:00:20,512 - INFO - Buscando ofertas...
2024-10-25 03:01:50,228 - INFO - Carregando dados...
2024-10-25 03:01:50,232 - INFO - Abrindo tela...
2024-10-25 03:01:54,529 - INFO - Fazendo login...
2024-10-25 03:02:01,478 - INFO - Escolhendo consorcio...
2024-10-25 03:02:05,794 - INFO - Configurando o input
2024-10-25 03:02:40,506 - INFO - Buscando ofertas...
2024-10-25 03:03:18,409 - INFO - Carregando dados...
2024-10-25 03:03:18,412 - INFO - Abrindo tela...
2024-10-25 03:03:25,054 - INFO - patching driver executable C:\Users\gabri\appdata\roaming\undetected_chromedriver\undetected_chromedriver.exe
2024-10-25 03:03:31,831 - INFO - Fazendo login...
2024-10-25 03:03:38,350 - INFO - Escolhendo consorcio...
2024-10-25 03:03:42,455 - INFO - Configurando o input
2024-10-25 03:04:17,195 - INFO - Buscando ofertas...
2024-10-25 03:04:38,751 - INFO - Carregando dados...
2024-10-25 03:04:38,755 - INFO - Abrindo tela...
2024-10-25 03:04:41,441 - INFO - Fazendo login...
2024-10-25 03:04:49,407 - INFO - Escolhendo consorcio...
2024-10-25 03:04:53,599 - INFO - Configurando o input
2024-10-25 03:05:28,574 - INFO - Buscando ofertas...
2024-10-25 03:06:01,925 - INFO - Configurando o input
2024-10-25 03:06:51,591 - INFO - Buscando ofertas...
2024-10-25 03:07:52,878 - INFO - Carregando dados...
2024-10-25 03:07:52,881 - INFO - Abrindo tela...
2024-10-25 03:07:58,687 - INFO - Fazendo login...
2024-10-25 03:08:05,219 - INFO - Escolhendo consorcio...
2024-10-25 03:08:09,348 - INFO - Configurando o input
2024-10-25 03:08:43,871 - INFO - Buscando ofertas...
2024-10-25 03:09:54,757 - INFO - Configurando o input
2024-10-25 03:10:13,253 - INFO - Buscando ofertas...
2024-10-25 03:10:35,440 - INFO - Carregando dados...
2024-10-25 03:10:35,447 - INFO - Abrindo tela...
2024-10-25 03:10:40,139 - INFO - Fazendo login...
2024-10-25 03:10:46,647 - INFO - Escolhendo consorcio...
2024-10-25 03:10:50,765 - INFO - Configurando o input
2024-10-25 03:11:25,344 - INFO - Buscando ofertas...
2024-10-25 03:11:48,062 - INFO - Configurando o input
2024-10-25 03:12:06,110 - INFO - Buscando ofertas...
2024-10-25 03:12:26,628 - INFO - Carregando dados...
2024-10-25 03:12:26,633 - INFO - Abrindo tela...
2024-10-25 03:12:29,209 - INFO - Fazendo login...
2024-10-25 03:12:38,787 - INFO - Escolhendo consorcio...
2024-10-25 03:12:42,931 - INFO - Configurando o input
2024-10-25 03:13:17,768 - INFO - Buscando ofertas...
2024-10-25 03:18:32,430 - INFO - Configurando o input
2024-10-25 03:18:56,796 - INFO - Buscando ofertas...
2024-10-25 03:19:53,013 - INFO - Configurando o input
2024-10-25 11:02:41,761 - INFO - Carregando dados...
2024-10-25 11:02:41,761 - INFO - Abrindo tela...
2024-10-25 11:02:41,761 - INFO - ====== WebDriver manager ======
2024-10-25 11:02:41,816 - INFO - Get LATEST chromedriver version for google-chrome
2024-10-25 11:02:41,914 - INFO - Get LATEST chromedriver version for google-chrome
2024-10-25 11:02:41,964 - INFO - Driver [/home/emilsonsn/.wdm/drivers/chromedriver/linux64/130.0.6723.69/chromedriver-linux64/chromedriver] found in cache
2024-10-25 11:02:43,113 - INFO - patching driver executable /home/emilsonsn/.local/share/undetected_chromedriver/undetected_chromedriver
2024-10-25 11:02:45,019 - INFO - Fazendo login...
2024-10-25 11:02:50,549 - INFO - Escolhendo consorcio...
2024-10-25 11:02:54,583 - INFO - Configurando o input
2024-10-25 11:03:27,642 - INFO - Buscando ofertas...
2024-10-25 11:03:33,758 - ERROR - Erro ao enviar contato: Message: element not interactable
  (Session info: chrome=130.0.6723.69)
Stacktrace:
#0 0x57d7abb6710a <unknown>
#1 0x57d7ab6822bd <unknown>
#2 0x57d7ab6d010b <unknown>
#3 0x57d7ab6c3f78 <unknown>
#4 0x57d7ab6f3012 <unknown>
#5 0x57d7ab6c3958 <unknown>
#6 0x57d7ab6f31de <unknown>
#7 0x57d7ab711af6 <unknown>
#8 0x57d7ab6f2db3 <unknown>
#9 0x57d7ab6c1c10 <unknown>
#10 0x57d7ab6c2bee <unknown>
#11 0x57d7abb3339b <unknown>
#12 0x57d7abb37338 <unknown>
#13 0x57d7abb20ebc <unknown>
#14 0x57d7abb37eb7 <unknown>
#15 0x57d7abb0610f <unknown>
#16 0x57d7abb55828 <unknown>
#17 0x57d7abb559f0 <unknown>
#18 0x57d7abb65f86 <unknown>
#19 0x7b29adc9ca94 <unknown>
#20 0x7b29add29c3c <unknown>

2024-10-25 11:03:33,758 - ERROR - Buscando ofertas: Erro ao enviar contato
2024-10-25 11:03:53,291 - INFO - Carregando dados...
2024-10-25 11:03:53,291 - INFO - Abrindo tela...
2024-10-25 11:03:53,291 - INFO - ====== WebDriver manager ======
2024-10-25 11:03:53,348 - INFO - Get LATEST chromedriver version for google-chrome
2024-10-25 11:03:53,396 - INFO - Get LATEST chromedriver version for google-chrome
2024-10-25 11:03:53,446 - INFO - Driver [/home/emilsonsn/.wdm/drivers/chromedriver/linux64/130.0.6723.69/chromedriver-linux64/chromedriver] found in cache
2024-10-25 11:03:54,266 - INFO - patching driver executable /home/emilsonsn/.local/share/undetected_chromedriver/undetected_chromedriver
2024-10-25 11:03:56,891 - INFO - Fazendo login...
2024-10-25 11:04:02,391 - INFO - Escolhendo consorcio...
2024-10-25 11:04:06,426 - INFO - Configurando o input
2024-10-25 11:04:47,580 - INFO - Carregando dados...
2024-10-25 11:04:47,581 - INFO - Abrindo tela...
2024-10-25 11:04:47,581 - INFO - ====== WebDriver manager ======
2024-10-25 11:04:47,638 - INFO - Get LATEST chromedriver version for google-chrome
2024-10-25 11:04:47,686 - INFO - Get LATEST chromedriver version for google-chrome
2024-10-25 11:04:47,734 - INFO - Driver [/home/emilsonsn/.wdm/drivers/chromedriver/linux64/130.0.6723.69/chromedriver-linux64/chromedriver] found in cache
2024-10-25 11:04:48,703 - INFO - patching driver executable /home/emilsonsn/.local/share/undetected_chromedriver/undetected_chromedriver
2024-10-25 11:04:50,844 - INFO - Fazendo login...
2024-10-25 11:04:56,397 - INFO - Escolhendo consorcio...
2024-10-25 11:05:00,428 - INFO - Configurando o input
2024-10-25 11:05:15,802 - INFO - Carregando dados...
2024-10-25 11:05:15,802 - INFO - Abrindo tela...
2024-10-25 11:05:15,802 - INFO - ====== WebDriver manager ======
2024-10-25 11:05:15,857 - INFO - Get LATEST chromedriver version for google-chrome
2024-10-25 11:05:15,905 - INFO - Get LATEST chromedriver version for google-chrome
2024-10-25 11:05:15,953 - INFO - Driver [/home/emilsonsn/.wdm/drivers/chromedriver/linux64/130.0.6723.69/chromedriver-linux64/chromedriver] found in cache
2024-10-25 11:05:16,792 - INFO - patching driver executable /home/emilsonsn/.local/share/undetected_chromedriver/undetected_chromedriver
2024-10-25 11:05:19,060 - INFO - Fazendo login...
2024-10-25 11:05:24,570 - INFO - Escolhendo consorcio...
2024-10-25 11:05:28,605 - INFO - Configurando o input
2024-10-25 11:05:32,278 - INFO - Buscando ofertas...
2024-10-25 11:05:44,755 - INFO - Configurando o input
2024-10-25 11:05:46,997 - ERROR - Configurando o input: Message: stale element reference: stale element not found
  (Session info: chrome=130.0.6723.69); For documentation on this error, please visit: https://www.selenium.dev/documentation/webdriver/troubleshooting/errors#stale-element-reference-exception
Stacktrace:
#0 0x5b9dae6a410a <unknown>
#1 0x5b9dae1bf460 <unknown>
#2 0x5b9dae1cf252 <unknown>
#3 0x5b9dae1c5a48 <unknown>
#4 0x5b9dae1c3dde <unknown>
#5 0x5b9dae1c6e45 <unknown>
#6 0x5b9dae1c6ecc <unknown>
#7 0x5b9dae21208e <unknown>
#8 0x5b9dae2114b6 <unknown>
#9 0x5b9dae2575e7 <unknown>
#10 0x5b9dae230012 <unknown>
#11 0x5b9dae24eaf6 <unknown>
#12 0x5b9dae22fdb3 <unknown>
#13 0x5b9dae1fec10 <unknown>
#14 0x5b9dae1ffbee <unknown>
#15 0x5b9dae67039b <unknown>
#16 0x5b9dae674338 <unknown>
#17 0x5b9dae65debc <unknown>
#18 0x5b9dae674eb7 <unknown>
#19 0x5b9dae64310f <unknown>
#20 0x5b9dae692828 <unknown>
#21 0x5b9dae6929f0 <unknown>
#22 0x5b9dae6a2f86 <unknown>
#23 0x79673a69ca94 <unknown>
#24 0x79673a729c3c <unknown>

2024-10-25 11:05:46,997 - ERROR - Buscando ofertas: Erro ao configurar o input para cima
2024-10-25 11:05:57,029 - INFO - Carregando dados...
2024-10-25 11:05:57,031 - INFO - Abrindo tela...
2024-10-25 11:05:57,032 - INFO - ====== WebDriver manager ======
2024-10-25 11:05:57,144 - INFO - Get LATEST chromedriver version for google-chrome
2024-10-25 11:05:57,201 - INFO - Get LATEST chromedriver version for google-chrome
2024-10-25 11:05:57,250 - INFO - Driver [/home/emilsonsn/.wdm/drivers/chromedriver/linux64/130.0.6723.69/chromedriver-linux64/chromedriver] found in cache
2024-10-25 11:05:58,212 - INFO - patching driver executable /home/emilsonsn/.local/share/undetected_chromedriver/undetected_chromedriver
2024-10-25 11:06:00,520 - INFO - Fazendo login...
2024-10-25 11:06:06,012 - INFO - Escolhendo consorcio...
2024-10-25 11:06:10,045 - INFO - Configurando o input
2024-10-25 11:06:14,774 - INFO - Buscando ofertas...
2024-10-25 11:06:27,125 - INFO - Configurando o input
2024-10-25 11:06:31,322 - INFO - Buscando ofertas...
2024-10-25 11:06:43,638 - INFO - Configurando o input
2024-10-25 11:07:14,309 - INFO - Carregando dados...
2024-10-25 11:07:14,310 - INFO - Abrindo tela...
2024-10-25 11:07:14,311 - INFO - ====== WebDriver manager ======
2024-10-25 11:07:14,367 - INFO - Get LATEST chromedriver version for google-chrome
2024-10-25 11:07:14,422 - INFO - Get LATEST chromedriver version for google-chrome
2024-10-25 11:07:14,471 - INFO - Driver [/home/emilsonsn/.wdm/drivers/chromedriver/linux64/130.0.6723.69/chromedriver-linux64/chromedriver] found in cache
2024-10-25 11:07:15,438 - INFO - patching driver executable /home/emilsonsn/.local/share/undetected_chromedriver/undetected_chromedriver
2024-10-25 11:07:21,436 - INFO - Carregando dados...
2024-10-25 11:07:21,437 - INFO - Abrindo tela...
2024-10-25 11:07:21,437 - INFO - ====== WebDriver manager ======
2024-10-25 11:07:21,500 - INFO - Get LATEST chromedriver version for google-chrome
2024-10-25 11:07:21,556 - INFO - Get LATEST chromedriver version for google-chrome
2024-10-25 11:07:21,606 - INFO - Driver [/home/emilsonsn/.wdm/drivers/chromedriver/linux64/130.0.6723.69/chromedriver-linux64/chromedriver] found in cache
2024-10-25 11:07:22,464 - INFO - patching driver executable /home/emilsonsn/.local/share/undetected_chromedriver/undetected_chromedriver
2024-10-25 11:07:24,874 - INFO - Carregando dados...
2024-10-25 11:07:24,875 - INFO - Abrindo tela...
2024-10-25 11:07:24,876 - INFO - ====== WebDriver manager ======
2024-10-25 11:07:24,931 - INFO - Get LATEST chromedriver version for google-chrome
2024-10-25 11:07:24,987 - INFO - Get LATEST chromedriver version for google-chrome
2024-10-25 11:07:25,038 - INFO - Driver [/home/emilsonsn/.wdm/drivers/chromedriver/linux64/130.0.6723.69/chromedriver-linux64/chromedriver] found in cache
2024-10-25 11:07:26,014 - INFO - patching driver executable /home/emilsonsn/.local/share/undetected_chromedriver/undetected_chromedriver
2024-10-25 11:07:28,126 - INFO - Fazendo login...
2024-10-25 11:07:33,647 - INFO - Escolhendo consorcio...
2024-10-25 11:07:37,684 - INFO - Configurando o input
2024-10-25 11:07:42,422 - INFO - Buscando ofertas...
2024-10-25 11:07:54,763 - INFO - Configurando o input
2024-10-25 11:07:58,970 - INFO - Buscando ofertas...
2024-10-25 11:08:11,304 - INFO - Configurando o input
2024-10-25 11:08:14,240 - ERROR - Configurando o input: Message: stale element reference: stale element not found
  (Session info: chrome=130.0.6723.69); For documentation on this error, please visit: https://www.selenium.dev/documentation/webdriver/troubleshooting/errors#stale-element-reference-exception
Stacktrace:
#0 0x60d29500110a <unknown>
#1 0x60d294b1c460 <unknown>
#2 0x60d294b2c252 <unknown>
#3 0x60d294b22a48 <unknown>
#4 0x60d294b20dde <unknown>
#5 0x60d294b23e45 <unknown>
#6 0x60d294b23ecc <unknown>
#7 0x60d294b6f08e <unknown>
#8 0x60d294b6e4b6 <unknown>
#9 0x60d294bb45e7 <unknown>
#10 0x60d294b8d012 <unknown>
#11 0x60d294babaf6 <unknown>
#12 0x60d294b8cdb3 <unknown>
#13 0x60d294b5bc10 <unknown>
#14 0x60d294b5cbee <unknown>
#15 0x60d294fcd39b <unknown>
#16 0x60d294fd1338 <unknown>
#17 0x60d294fbaebc <unknown>
#18 0x60d294fd1eb7 <unknown>
#19 0x60d294fa010f <unknown>
#20 0x60d294fef828 <unknown>
#21 0x60d294fef9f0 <unknown>
#22 0x60d294ffff86 <unknown>
#23 0x7f9ca6e9ca94 <unknown>
#24 0x7f9ca6f29c3c <unknown>

2024-10-25 11:08:55,342 - INFO - Carregando dados...
2024-10-25 11:08:55,343 - INFO - Abrindo tela...
2024-10-25 11:08:55,343 - INFO - ====== WebDriver manager ======
2024-10-25 11:08:55,404 - INFO - Get LATEST chromedriver version for google-chrome
2024-10-25 11:08:55,463 - INFO - Get LATEST chromedriver version for google-chrome
2024-10-25 11:08:55,559 - INFO - Driver [/home/emilsonsn/.wdm/drivers/chromedriver/linux64/130.0.6723.69/chromedriver-linux64/chromedriver] found in cache
2024-10-25 11:08:56,687 - INFO - patching driver executable /home/emilsonsn/.local/share/undetected_chromedriver/undetected_chromedriver
2024-10-25 11:08:58,850 - INFO - Fazendo login...
2024-10-25 11:09:04,351 - INFO - Escolhendo consorcio...
2024-10-25 11:09:08,386 - INFO - Configurando o input
2024-10-25 11:09:13,127 - INFO - Buscando ofertas...
2024-10-25 11:09:25,468 - INFO - Configurando o input
2024-10-25 11:09:59,222 - INFO - Buscando ofertas...
2024-10-25 11:12:27,686 - INFO - Carregando dados...
2024-10-25 11:12:27,687 - INFO - Abrindo tela...
2024-10-25 11:12:27,687 - INFO - ====== WebDriver manager ======
2024-10-25 11:12:27,744 - INFO - Get LATEST chromedriver version for google-chrome
2024-10-25 11:12:27,800 - INFO - Get LATEST chromedriver version for google-chrome
2024-10-25 11:12:27,850 - INFO - Driver [/home/emilsonsn/.wdm/drivers/chromedriver/linux64/130.0.6723.69/chromedriver-linux64/chromedriver] found in cache
2024-10-25 11:12:28,940 - INFO - patching driver executable /home/emilsonsn/.local/share/undetected_chromedriver/undetected_chromedriver
2024-10-25 11:12:33,385 - INFO - Fazendo login...
2024-10-25 11:12:38,885 - INFO - Escolhendo consorcio...
2024-10-25 11:12:42,922 - INFO - Configurando o input
2024-10-25 11:12:47,665 - INFO - Buscando ofertas...
2024-10-25 11:13:45,607 - INFO - Carregando dados...
2024-10-25 11:13:45,608 - INFO - Abrindo tela...
2024-10-25 11:13:45,608 - INFO - ====== WebDriver manager ======
2024-10-25 11:13:45,664 - INFO - Get LATEST chromedriver version for google-chrome
2024-10-25 11:13:45,722 - INFO - Get LATEST chromedriver version for google-chrome
2024-10-25 11:13:45,775 - INFO - Driver [/home/emilsonsn/.wdm/drivers/chromedriver/linux64/130.0.6723.69/chromedriver-linux64/chromedriver] found in cache
2024-10-25 11:13:46,619 - INFO - patching driver executable /home/emilsonsn/.local/share/undetected_chromedriver/undetected_chromedriver
2024-10-25 11:13:48,797 - INFO - Fazendo login...
2024-10-25 11:13:54,297 - INFO - Escolhendo consorcio...
2024-10-25 11:13:58,331 - INFO - Configurando o input
2024-10-25 11:14:03,074 - INFO - Buscando ofertas...
2024-10-25 11:16:51,992 - INFO - Carregando dados...
2024-10-25 11:16:51,993 - INFO - Abrindo tela...
2024-10-25 11:16:51,994 - INFO - ====== WebDriver manager ======
2024-10-25 11:16:52,051 - INFO - Get LATEST chromedriver version for google-chrome
2024-10-25 11:16:52,108 - INFO - Get LATEST chromedriver version for google-chrome
2024-10-25 11:16:52,158 - INFO - Driver [/home/emilsonsn/.wdm/drivers/chromedriver/linux64/130.0.6723.69/chromedriver-linux64/chromedriver] found in cache
2024-10-25 11:16:53,306 - INFO - patching driver executable /home/emilsonsn/.local/share/undetected_chromedriver/undetected_chromedriver
2024-10-25 11:16:58,637 - INFO - Carregando dados...
2024-10-25 11:16:58,638 - INFO - Abrindo tela...
2024-10-25 11:16:58,638 - INFO - ====== WebDriver manager ======
2024-10-25 11:16:58,695 - INFO - Get LATEST chromedriver version for google-chrome
2024-10-25 11:16:58,752 - INFO - Get LATEST chromedriver version for google-chrome
2024-10-25 11:16:58,801 - INFO - Driver [/home/emilsonsn/.wdm/drivers/chromedriver/linux64/130.0.6723.69/chromedriver-linux64/chromedriver] found in cache
2024-10-25 11:16:59,752 - INFO - patching driver executable /home/emilsonsn/.local/share/undetected_chromedriver/undetected_chromedriver
2024-10-25 11:17:02,026 - INFO - Fazendo login...
2024-10-25 11:17:07,519 - INFO - Escolhendo consorcio...
2024-10-25 11:17:11,553 - INFO - Configurando o input
2024-10-25 11:17:16,288 - INFO - Buscando ofertas...
2024-10-25 11:18:18,986 - INFO - Carregando dados...
2024-10-25 11:18:18,987 - INFO - Abrindo tela...
2024-10-25 11:18:18,988 - INFO - ====== WebDriver manager ======
2024-10-25 11:18:19,047 - INFO - Get LATEST chromedriver version for google-chrome
2024-10-25 11:18:19,110 - INFO - Get LATEST chromedriver version for google-chrome
2024-10-25 11:18:19,160 - INFO - Driver [/home/emilsonsn/.wdm/drivers/chromedriver/linux64/130.0.6723.69/chromedriver-linux64/chromedriver] found in cache
2024-10-25 11:18:20,230 - INFO - patching driver executable /home/emilsonsn/.local/share/undetected_chromedriver/undetected_chromedriver
2024-10-25 11:18:22,534 - INFO - Fazendo login...
2024-10-25 11:18:28,070 - INFO - Escolhendo consorcio...
2024-10-25 11:18:32,106 - INFO - Configurando o input
2024-10-25 11:18:36,840 - INFO - Buscando ofertas...
2024-10-25 11:19:34,978 - INFO - Carregando dados...
2024-10-25 11:19:34,979 - INFO - Abrindo tela...
2024-10-25 11:19:34,980 - INFO - ====== WebDriver manager ======
2024-10-25 11:19:35,036 - INFO - Get LATEST chromedriver version for google-chrome
2024-10-25 11:19:35,093 - INFO - Get LATEST chromedriver version for google-chrome
2024-10-25 11:19:35,143 - INFO - Driver [/home/emilsonsn/.wdm/drivers/chromedriver/linux64/130.0.6723.69/chromedriver-linux64/chromedriver] found in cache
2024-10-25 11:19:36,130 - INFO - patching driver executable /home/emilsonsn/.local/share/undetected_chromedriver/undetected_chromedriver
2024-10-25 11:19:38,320 - INFO - Fazendo login...
2024-10-25 11:19:43,825 - INFO - Escolhendo consorcio...
2024-10-25 11:19:47,859 - INFO - Configurando o input
2024-10-25 11:19:52,599 - INFO - Buscando ofertas...
2024-10-25 11:22:38,170 - INFO - Carregando dados...
2024-10-25 11:22:38,171 - INFO - Abrindo tela...
2024-10-25 11:22:38,171 - INFO - ====== WebDriver manager ======
2024-10-25 11:22:38,230 - INFO - Get LATEST chromedriver version for google-chrome
2024-10-25 11:22:38,289 - INFO - Get LATEST chromedriver version for google-chrome
2024-10-25 11:22:38,340 - INFO - Driver [/home/emilsonsn/.wdm/drivers/chromedriver/linux64/130.0.6723.69/chromedriver-linux64/chromedriver] found in cache
2024-10-25 11:22:39,368 - INFO - patching driver executable /home/emilsonsn/.local/share/undetected_chromedriver/undetected_chromedriver
2024-10-25 11:22:44,468 - INFO - Carregando dados...
2024-10-25 11:22:44,469 - INFO - Abrindo tela...
2024-10-25 11:22:44,469 - INFO - ====== WebDriver manager ======
2024-10-25 11:22:44,536 - INFO - Get LATEST chromedriver version for google-chrome
2024-10-25 11:22:44,597 - INFO - Get LATEST chromedriver version for google-chrome
2024-10-25 11:22:44,647 - INFO - Driver [/home/emilsonsn/.wdm/drivers/chromedriver/linux64/130.0.6723.69/chromedriver-linux64/chromedriver] found in cache
2024-10-25 11:22:45,623 - INFO - patching driver executable /home/emilsonsn/.local/share/undetected_chromedriver/undetected_chromedriver
2024-10-25 11:22:48,451 - INFO - Fazendo login...
2024-10-25 11:22:53,958 - INFO - Escolhendo consorcio...
2024-10-25 11:22:57,991 - INFO - Configurando o input
2024-10-25 11:23:02,727 - INFO - Buscando ofertas...
2024-10-25 11:28:02,555 - INFO - Carregando dados...
2024-10-25 11:28:02,556 - INFO - Abrindo tela...
2024-10-25 11:28:02,556 - INFO - ====== WebDriver manager ======
2024-10-25 11:28:02,615 - INFO - Get LATEST chromedriver version for google-chrome
2024-10-25 11:28:02,672 - INFO - Get LATEST chromedriver version for google-chrome
2024-10-25 11:28:02,722 - INFO - Driver [/home/emilsonsn/.wdm/drivers/chromedriver/linux64/130.0.6723.69/chromedriver-linux64/chromedriver] found in cache
2024-10-25 11:28:03,828 - INFO - patching driver executable /home/emilsonsn/.local/share/undetected_chromedriver/undetected_chromedriver
2024-10-25 11:28:05,623 - INFO - Fazendo login...
2024-10-25 11:28:11,136 - INFO - Escolhendo consorcio...
2024-10-25 11:28:15,170 - INFO - Configurando o input
2024-10-25 11:28:19,906 - INFO - Buscando ofertas...
2024-10-25 11:29:03,551 - INFO - Carregando dados...
2024-10-25 11:29:03,552 - INFO - Abrindo tela...
2024-10-25 11:29:03,553 - INFO - ====== WebDriver manager ======
2024-10-25 11:29:03,611 - INFO - Get LATEST chromedriver version for google-chrome
2024-10-25 11:29:03,669 - INFO - Get LATEST chromedriver version for google-chrome
2024-10-25 11:29:03,727 - INFO - Driver [/home/emilsonsn/.wdm/drivers/chromedriver/linux64/130.0.6723.69/chromedriver-linux64/chromedriver] found in cache
2024-10-25 11:29:04,710 - INFO - patching driver executable /home/emilsonsn/.local/share/undetected_chromedriver/undetected_chromedriver
2024-10-25 11:29:09,294 - INFO - Carregando dados...
2024-10-25 11:29:09,295 - INFO - Abrindo tela...
2024-10-25 11:29:09,295 - INFO - ====== WebDriver manager ======
2024-10-25 11:29:09,358 - INFO - Get LATEST chromedriver version for google-chrome
2024-10-25 11:29:09,417 - INFO - Get LATEST chromedriver version for google-chrome
2024-10-25 11:29:09,468 - INFO - Driver [/home/emilsonsn/.wdm/drivers/chromedriver/linux64/130.0.6723.69/chromedriver-linux64/chromedriver] found in cache
2024-10-25 11:29:10,460 - INFO - patching driver executable /home/emilsonsn/.local/share/undetected_chromedriver/undetected_chromedriver
2024-10-25 11:29:12,693 - INFO - Fazendo login...
2024-10-25 11:29:18,210 - INFO - Escolhendo consorcio...
2024-10-25 11:29:22,245 - INFO - Configurando o input
2024-10-25 11:29:26,983 - INFO - Buscando ofertas...
2024-10-25 11:30:53,515 - INFO - Carregando dados...
2024-10-25 11:30:53,515 - INFO - Abrindo tela...
2024-10-25 11:30:53,516 - INFO - ====== WebDriver manager ======
2024-10-25 11:30:53,574 - INFO - Get LATEST chromedriver version for google-chrome
2024-10-25 11:30:53,631 - INFO - Get LATEST chromedriver version for google-chrome
2024-10-25 11:30:53,682 - INFO - Driver [/home/emilsonsn/.wdm/drivers/chromedriver/linux64/130.0.6723.69/chromedriver-linux64/chromedriver] found in cache
2024-10-25 11:30:54,682 - INFO - patching driver executable /home/emilsonsn/.local/share/undetected_chromedriver/undetected_chromedriver
2024-10-25 11:30:56,882 - INFO - Fazendo login...
2024-10-25 11:31:02,397 - INFO - Escolhendo consorcio...
2024-10-25 11:31:06,429 - INFO - Configurando o input
2024-10-25 11:31:11,163 - INFO - Buscando ofertas...
2024-10-25 11:33:10,534 - INFO - Carregando dados...
2024-10-25 11:33:10,535 - INFO - Abrindo tela...
2024-10-25 11:33:10,536 - INFO - ====== WebDriver manager ======
2024-10-25 11:33:10,596 - INFO - Get LATEST chromedriver version for google-chrome
2024-10-25 11:33:10,656 - INFO - Get LATEST chromedriver version for google-chrome
2024-10-25 11:33:10,708 - INFO - Driver [/home/emilsonsn/.wdm/drivers/chromedriver/linux64/130.0.6723.69/chromedriver-linux64/chromedriver] found in cache
2024-10-25 11:33:11,846 - INFO - patching driver executable /home/emilsonsn/.local/share/undetected_chromedriver/undetected_chromedriver
2024-10-25 11:33:14,138 - INFO - Fazendo login...
2024-10-25 11:33:19,691 - INFO - Escolhendo consorcio...
2024-10-25 11:33:23,726 - INFO - Configurando o input
2024-10-25 11:33:28,455 - INFO - Buscando ofertas...
2024-10-25 11:33:40,794 - INFO - Configurando o input
2024-10-25 11:33:47,936 - INFO - Buscando ofertas...
2024-10-25 11:34:00,227 - INFO - Configurando o input
2024-10-25 11:34:07,046 - INFO - Buscando ofertas...
2024-10-25 11:34:31,572 - INFO - Configurando o input
2024-10-25 11:34:57,329 - INFO - Buscando ofertas...
2024-10-25 11:38:29,634 - INFO - Carregando dados...
2024-10-25 11:38:29,635 - INFO - Abrindo tela...
2024-10-25 11:38:29,636 - INFO - ====== WebDriver manager ======
2024-10-25 11:38:29,698 - INFO - Get LATEST chromedriver version for google-chrome
2024-10-25 11:38:29,754 - INFO - Get LATEST chromedriver version for google-chrome
2024-10-25 11:38:29,803 - INFO - Driver [/home/emilsonsn/.wdm/drivers/chromedriver/linux64/130.0.6723.69/chromedriver-linux64/chromedriver] found in cache
2024-10-25 11:38:30,881 - INFO - patching driver executable /home/emilsonsn/.local/share/undetected_chromedriver/undetected_chromedriver
2024-10-25 11:38:33,529 - INFO - Fazendo login...
2024-10-25 11:38:39,012 - INFO - Escolhendo consorcio...
2024-10-25 11:38:43,046 - INFO - Configurando o input
2024-10-25 11:38:47,778 - INFO - Buscando ofertas...
2024-10-25 11:39:00,239 - INFO - Configurando o input
2024-10-25 11:42:46,188 - INFO - Carregando dados...
2024-10-25 11:42:46,188 - INFO - |- Abrindo tela
2024-10-25 11:42:46,188 - INFO - ====== WebDriver manager ======
2024-10-25 11:42:46,244 - INFO - Get LATEST chromedriver version for google-chrome
2024-10-25 11:42:46,340 - INFO - Get LATEST chromedriver version for google-chrome
2024-10-25 11:42:46,389 - INFO - Driver [/home/emilsonsn/.wdm/drivers/chromedriver/linux64/130.0.6723.69/chromedriver-linux64/chromedriver] found in cache
2024-10-25 11:42:47,419 - INFO - patching driver executable /home/emilsonsn/.local/share/undetected_chromedriver/undetected_chromedriver
2024-10-25 11:42:51,827 - INFO - Carregando dados...
2024-10-25 11:42:51,827 - INFO - |- Abrindo tela
2024-10-25 11:42:51,827 - INFO - ====== WebDriver manager ======
2024-10-25 11:42:51,882 - INFO - Get LATEST chromedriver version for google-chrome
2024-10-25 11:42:51,932 - INFO - Get LATEST chromedriver version for google-chrome
2024-10-25 11:42:51,980 - INFO - Driver [/home/emilsonsn/.wdm/drivers/chromedriver/linux64/130.0.6723.69/chromedriver-linux64/chromedriver] found in cache
2024-10-25 11:42:55,534 - INFO - patching driver executable /home/emilsonsn/.local/share/undetected_chromedriver/undetected_chromedriver
2024-10-25 11:43:07,679 - INFO - Carregando dados...
2024-10-25 11:43:07,679 - INFO - |- Abrindo tela
2024-10-25 11:43:07,679 - INFO - ====== WebDriver manager ======
2024-10-25 11:43:07,732 - INFO - Get LATEST chromedriver version for google-chrome
2024-10-25 11:43:07,783 - INFO - Get LATEST chromedriver version for google-chrome
2024-10-25 11:43:07,833 - INFO - Driver [/home/emilsonsn/.wdm/drivers/chromedriver/linux64/130.0.6723.69/chromedriver-linux64/chromedriver] found in cache
2024-10-25 11:43:08,851 - INFO - patching driver executable /home/emilsonsn/.local/share/undetected_chromedriver/undetected_chromedriver
2024-10-25 11:43:23,889 - INFO - Carregando dados...
2024-10-25 11:43:23,889 - INFO - |- Abrindo tela
2024-10-25 11:43:23,890 - INFO - ====== WebDriver manager ======
2024-10-25 11:43:23,943 - INFO - Get LATEST chromedriver version for google-chrome
2024-10-25 11:43:23,993 - INFO - Get LATEST chromedriver version for google-chrome
2024-10-25 11:43:24,043 - INFO - Driver [/home/emilsonsn/.wdm/drivers/chromedriver/linux64/130.0.6723.69/chromedriver-linux64/chromedriver] found in cache
2024-10-25 11:43:25,006 - INFO - patching driver executable /home/emilsonsn/.local/share/undetected_chromedriver/undetected_chromedriver
2024-10-25 11:43:31,284 - INFO - Carregando dados...
2024-10-25 11:43:31,285 - INFO - |- Abrindo tela
2024-10-25 11:43:31,285 - INFO - ====== WebDriver manager ======
2024-10-25 11:43:31,338 - INFO - Get LATEST chromedriver version for google-chrome
2024-10-25 11:43:31,550 - INFO - Get LATEST chromedriver version for google-chrome
2024-10-25 11:43:31,601 - INFO - Driver [/home/emilsonsn/.wdm/drivers/chromedriver/linux64/130.0.6723.69/chromedriver-linux64/chromedriver] found in cache
2024-10-25 11:43:32,512 - INFO - patching driver executable /home/emilsonsn/.local/share/undetected_chromedriver/undetected_chromedriver
2024-10-25 11:43:35,490 - INFO - Fazendo login...
2024-10-25 11:43:47,436 - INFO - Carregando dados...
2024-10-25 11:43:47,437 - INFO - |- Abrindo tela
2024-10-25 11:43:47,437 - INFO - ====== WebDriver manager ======
2024-10-25 11:43:47,493 - INFO - Get LATEST chromedriver version for google-chrome
2024-10-25 11:43:47,543 - INFO - Get LATEST chromedriver version for google-chrome
2024-10-25 11:43:47,591 - INFO - Driver [/home/emilsonsn/.wdm/drivers/chromedriver/linux64/130.0.6723.69/chromedriver-linux64/chromedriver] found in cache
2024-10-25 11:43:54,272 - INFO - Carregando dados...
2024-10-25 11:43:54,272 - INFO - |- Abrindo tela
2024-10-25 11:43:54,272 - INFO - ====== WebDriver manager ======
2024-10-25 11:43:54,326 - INFO - Get LATEST chromedriver version for google-chrome
2024-10-25 11:43:54,376 - INFO - Get LATEST chromedriver version for google-chrome
2024-10-25 11:43:54,427 - INFO - Driver [/home/emilsonsn/.wdm/drivers/chromedriver/linux64/130.0.6723.69/chromedriver-linux64/chromedriver] found in cache
2024-10-25 11:43:55,404 - INFO - patching driver executable /home/emilsonsn/.local/share/undetected_chromedriver/undetected_chromedriver
2024-10-25 11:44:06,298 - INFO - Carregando dados...
2024-10-25 11:44:06,298 - INFO - |- Abrindo tela
2024-10-25 11:44:06,298 - INFO - ====== WebDriver manager ======
2024-10-25 11:44:06,351 - INFO - Get LATEST chromedriver version for google-chrome
2024-10-25 11:44:06,400 - INFO - Get LATEST chromedriver version for google-chrome
2024-10-25 11:44:06,451 - INFO - Driver [/home/emilsonsn/.wdm/drivers/chromedriver/linux64/130.0.6723.69/chromedriver-linux64/chromedriver] found in cache
2024-10-25 11:44:07,428 - INFO - patching driver executable /home/emilsonsn/.local/share/undetected_chromedriver/undetected_chromedriver
2024-10-25 11:44:20,507 - INFO - Carregando dados...
2024-10-25 11:44:20,508 - INFO - |- Abrindo tela
2024-10-25 11:44:20,508 - INFO - ====== WebDriver manager ======
2024-10-25 11:44:20,562 - INFO - Get LATEST chromedriver version for google-chrome
2024-10-25 11:44:20,613 - INFO - Get LATEST chromedriver version for google-chrome
2024-10-25 11:44:20,661 - INFO - Driver [/home/emilsonsn/.wdm/drivers/chromedriver/linux64/130.0.6723.69/chromedriver-linux64/chromedriver] found in cache
2024-10-25 11:44:21,511 - INFO - patching driver executable /home/emilsonsn/.local/share/undetected_chromedriver/undetected_chromedriver
2024-10-25 11:44:34,916 - INFO - Carregando dados...
2024-10-25 11:44:34,917 - INFO - |- Abrindo tela
2024-10-25 11:44:34,917 - INFO - ====== WebDriver manager ======
2024-10-25 11:44:34,973 - INFO - Get LATEST chromedriver version for google-chrome
2024-10-25 11:44:35,023 - INFO - Get LATEST chromedriver version for google-chrome
2024-10-25 11:44:35,072 - INFO - Driver [/home/emilsonsn/.wdm/drivers/chromedriver/linux64/130.0.6723.69/chromedriver-linux64/chromedriver] found in cache
2024-10-25 11:44:36,065 - INFO - patching driver executable /home/emilsonsn/.local/share/undetected_chromedriver/undetected_chromedriver
2024-10-25 11:44:38,937 - INFO - Fazendo login...
2024-10-25 11:44:44,446 - INFO - Escolhendo consorcio...
2024-10-25 11:44:48,478 - INFO - Configurando o input
2024-10-25 11:44:53,216 - INFO - Buscando ofertas...
2024-10-25 11:45:05,693 - INFO - Configurando o input
2024-10-25 11:45:09,895 - INFO - Buscando ofertas...
2024-10-25 11:45:22,440 - INFO - Configurando o input
2024-10-25 11:45:26,660 - INFO - Buscando ofertas...
2024-10-25 11:46:43,527 - INFO - Carregando dados...
2024-10-25 11:46:43,527 - INFO - |- Abrindo tela
2024-10-25 11:46:43,528 - INFO - ====== WebDriver manager ======
2024-10-25 11:46:43,581 - INFO - Get LATEST chromedriver version for google-chrome
2024-10-25 11:46:43,632 - INFO - Get LATEST chromedriver version for google-chrome
2024-10-25 11:46:43,682 - INFO - Driver [/home/emilsonsn/.wdm/drivers/chromedriver/linux64/130.0.6723.69/chromedriver-linux64/chromedriver] found in cache
2024-10-25 11:46:44,668 - INFO - patching driver executable /home/emilsonsn/.local/share/undetected_chromedriver/undetected_chromedriver
2024-10-25 11:46:46,633 - INFO - Fazendo login...
2024-10-25 11:46:52,129 - INFO - Escolhendo consorcio...
2024-10-25 11:46:56,162 - INFO - Configurando o input
2024-10-25 11:47:26,119 - INFO - Carregando dados...
2024-10-25 11:47:26,119 - INFO - |- Abrindo tela
2024-10-25 11:47:26,119 - INFO - ====== WebDriver manager ======
2024-10-25 11:47:26,174 - INFO - Get LATEST chromedriver version for google-chrome
2024-10-25 11:47:26,269 - INFO - Get LATEST chromedriver version for google-chrome
2024-10-25 11:47:26,320 - INFO - Driver [/home/emilsonsn/.wdm/drivers/chromedriver/linux64/130.0.6723.69/chromedriver-linux64/chromedriver] found in cache
2024-10-25 11:47:38,423 - INFO - Carregando dados...
2024-10-25 11:47:38,423 - INFO - |- Abrindo tela
2024-10-25 11:47:38,424 - INFO - ====== WebDriver manager ======
2024-10-25 11:47:38,506 - INFO - Get LATEST chromedriver version for google-chrome
2024-10-25 11:47:38,557 - INFO - Get LATEST chromedriver version for google-chrome
2024-10-25 11:47:38,607 - INFO - Driver [/home/emilsonsn/.wdm/drivers/chromedriver/linux64/130.0.6723.69/chromedriver-linux64/chromedriver] found in cache
2024-10-25 11:47:39,417 - INFO - patching driver executable /home/emilsonsn/.local/share/undetected_chromedriver/undetected_chromedriver
2024-10-25 11:47:41,342 - INFO - Fazendo login...
2024-10-25 11:47:46,826 - INFO - Escolhendo consorcio...
2024-10-25 11:47:50,859 - INFO - Configurando o input
2024-10-25 11:47:55,589 - INFO - Buscando ofertas...
2024-10-25 11:48:53,224 - INFO - Carregando dados...
2024-10-25 11:48:53,225 - INFO - |- Abrindo tela
2024-10-25 11:48:53,225 - INFO - ====== WebDriver manager ======
2024-10-25 11:48:53,278 - INFO - Get LATEST chromedriver version for google-chrome
2024-10-25 11:48:53,327 - INFO - Get LATEST chromedriver version for google-chrome
2024-10-25 11:48:53,376 - INFO - Driver [/home/emilsonsn/.wdm/drivers/chromedriver/linux64/130.0.6723.69/chromedriver-linux64/chromedriver] found in cache
2024-10-25 11:48:55,372 - INFO - Fazendo login...
2024-10-25 11:49:00,863 - INFO - Escolhendo consorcio...
2024-10-25 11:49:04,898 - INFO - Configurando o input
2024-10-25 11:49:09,619 - INFO - Buscando ofertas...
2024-10-25 16:48:31,541 - INFO - Carregando dados...
2024-10-25 16:48:31,541 - INFO - |- Abrindo tela
2024-10-25 16:48:31,542 - INFO - ====== WebDriver manager ======
2024-10-25 16:48:31,625 - INFO - Get LATEST chromedriver version for google-chrome
2024-10-25 16:48:31,748 - INFO - Get LATEST chromedriver version for google-chrome
2024-10-25 16:48:31,819 - INFO - Driver [/home/emilsonsn/.wdm/drivers/chromedriver/linux64/130.0.6723.69/chromedriver-linux64/chromedriver] found in cache
2024-10-25 16:48:32,853 - INFO - patching driver executable /home/emilsonsn/.local/share/undetected_chromedriver/undetected_chromedriver
2024-10-25 16:48:35,966 - INFO - Fazendo login...
2024-10-25 16:48:41,468 - INFO - Escolhendo consorcio...
2024-10-25 16:48:45,500 - INFO - Configurando o input
2024-10-25 16:48:50,237 - INFO - Buscando ofertas...
2024-10-25 16:49:02,694 - INFO - Configurando o input
2024-10-25 16:49:06,900 - INFO - Buscando ofertas...
2024-10-25 16:49:19,316 - INFO - Configurando o input
2024-10-25 16:49:23,529 - INFO - Buscando ofertas...
