2024-10-29 12:14:55,524 - INFO - Carregando dados...
2024-10-29 12:14:55,525 - INFO - |- Abrindo tela
2024-10-29 12:14:55,525 - INFO - ====== WebDriver manager ======
2024-10-29 12:14:55,922 - INFO - Get LATEST chromedriver version for google-chrome
2024-10-29 12:14:55,976 - INFO - Get LATEST chromedriver version for google-chrome
2024-10-29 12:14:56,020 - INFO - There is no [linux64] chromedriver "130.0.6723.69" for browser google-chrome "130.0.6723" in cache
2024-10-29 12:14:56,021 - INFO - Get LATEST chromedriver version for google-chrome
2024-10-29 12:14:56,759 - INFO - WebDriver version 130.0.6723.69 selected
2024-10-29 12:14:56,763 - INFO - Modern chrome version https://storage.googleapis.com/chrome-for-testing-public/130.0.6723.69/linux64/chromedriver-linux64.zip
2024-10-29 12:14:56,763 - INFO - About to download new driver from https://storage.googleapis.com/chrome-for-testing-public/130.0.6723.69/linux64/chromedriver-linux64.zip
2024-10-29 12:14:57,178 - INFO - Driver downloading response is 200
2024-10-29 12:14:59,020 - INFO - Get LATEST chromedriver version for google-chrome
2024-10-29 12:14:59,304 - INFO - Driver has been saved in cache [/home/gabriel/.wdm/drivers/chromedriver/linux64/130.0.6723.69]
2024-10-29 12:15:01,226 - INFO - patching driver executable /home/gabriel/.local/share/undetected_chromedriver/undetected_chromedriver
2024-10-29 12:15:06,254 - INFO - Fazendo login...
2024-10-29 12:15:12,873 - INFO - Escolhendo consorcio...
2024-10-29 12:15:16,997 - INFO - Configurando o input
2024-10-29 12:15:22,015 - INFO - Buscando ofertas...
2024-10-29 12:15:28,274 - INFO - Configurando o input
2024-10-29 12:15:29,325 - ERROR - Configurando o input: Message: no such window: target window already closed
from unknown error: web view not found
  (Session info: chrome=130.0.6723.69)
Stacktrace:
#0 0x6090fe93b10a <unknown>
#1 0x6090fe456460 <unknown>
#2 0x6090fe42c81f <unknown>
#3 0x6090fe4cf34d <unknown>
#4 0x6090fe4e53a9 <unknown>
#5 0x6090fe4c6db3 <unknown>
#6 0x6090fe495c10 <unknown>
#7 0x6090fe496bee <unknown>
#8 0x6090fe90739b <unknown>
#9 0x6090fe90b338 <unknown>
#10 0x6090fe8f4ebc <unknown>
#11 0x6090fe90beb7 <unknown>
#12 0x6090fe8da10f <unknown>
#13 0x6090fe929828 <unknown>
#14 0x6090fe9299f0 <unknown>
#15 0x6090fe939f86 <unknown>
#16 0x7f750969ca94 <unknown>
#17 0x7f7509729c3c <unknown>

2024-10-29 12:15:29,326 - ERROR - Buscando ofertas: Erro ao configurar o input para cima
2024-10-29 12:15:36,901 - INFO - Carregando dados...
2024-10-29 12:15:36,901 - INFO - |- Abrindo tela
2024-10-29 12:15:36,902 - INFO - ====== WebDriver manager ======
2024-10-29 12:15:37,036 - INFO - Get LATEST chromedriver version for google-chrome
2024-10-29 12:15:37,133 - INFO - Get LATEST chromedriver version for google-chrome
2024-10-29 12:15:37,186 - INFO - Driver [/home/gabriel/.wdm/drivers/chromedriver/linux64/130.0.6723.69/chromedriver-linux64/chromedriver] found in cache
2024-10-29 12:15:39,996 - INFO - patching driver executable /home/gabriel/.local/share/undetected_chromedriver/undetected_chromedriver
2024-10-29 12:15:43,333 - INFO - Fazendo login...
2024-10-29 12:15:49,951 - INFO - Escolhendo consorcio...
2024-10-29 12:15:54,083 - INFO - Configurando o input
2024-10-29 12:15:59,120 - INFO - Buscando ofertas...
2024-10-29 12:16:12,680 - INFO - Configurando o input
2024-10-29 12:16:17,158 - INFO - Buscando ofertas...
2024-10-29 12:16:30,897 - INFO - Configurando o input
2024-10-29 12:16:35,412 - INFO - Buscando ofertas...
2024-10-29 12:17:03,445 - INFO - Configurando o input
2024-10-29 12:17:07,865 - INFO - Buscando ofertas...
2024-10-29 12:17:35,755 - INFO - Configurando o input
2024-10-29 12:17:41,417 - INFO - Buscando ofertas...
2024-10-29 12:17:54,862 - INFO - Configurando o input
2024-10-29 12:17:59,302 - INFO - Buscando ofertas...
2024-10-29 12:18:12,499 - INFO - Configurando o input
2024-10-29 12:18:17,035 - INFO - Buscando ofertas...
2024-10-29 12:18:30,168 - INFO - Configurando o input
2024-10-29 12:18:34,681 - INFO - Buscando ofertas...
2024-10-29 12:18:47,919 - INFO - Configurando o input
2024-10-29 12:18:52,448 - INFO - Buscando ofertas...
2024-10-29 12:19:05,761 - INFO - Configurando o input
2024-10-29 12:19:10,286 - INFO - Buscando ofertas...
2024-10-29 12:19:23,779 - INFO - Configurando o input
2024-10-29 12:19:28,265 - INFO - Buscando ofertas...
2024-10-29 12:19:41,646 - INFO - Esperando...
2024-10-29 13:45:20,251 - INFO - Carregando dados...
2024-10-29 13:45:20,252 - INFO - |- Abrindo tela
2024-10-29 13:45:20,253 - INFO - ====== WebDriver manager ======
2024-10-29 13:45:20,402 - INFO - Get LATEST chromedriver version for google-chrome
2024-10-29 13:45:20,516 - INFO - Get LATEST chromedriver version for google-chrome
2024-10-29 13:45:20,568 - INFO - Driver [/home/gabriel/.wdm/drivers/chromedriver/linux64/130.0.6723.69/chromedriver-linux64/chromedriver] found in cache
2024-10-29 13:45:22,445 - INFO - patching driver executable /home/gabriel/.local/share/undetected_chromedriver/undetected_chromedriver
2024-10-29 13:45:26,971 - INFO - Fazendo login...
2024-10-29 13:45:33,897 - INFO - Escolhendo consorcio...
2024-10-29 13:45:38,068 - INFO - Configurando o input
2024-10-29 13:45:43,035 - INFO - Buscando ofertas...
2024-10-29 13:45:56,630 - INFO - Configurando o input
2024-10-29 13:46:01,117 - INFO - Buscando ofertas...
2024-10-29 13:46:14,811 - INFO - Configurando o input
2024-10-29 13:46:19,294 - INFO - Buscando ofertas...
2024-10-29 13:46:47,020 - INFO - Configurando o input
2024-10-29 13:46:51,504 - INFO - Buscando ofertas...
2024-10-29 13:47:19,315 - INFO - Configurando o input
2024-10-29 13:47:23,772 - INFO - Buscando ofertas...
2024-10-29 13:47:37,415 - INFO - Configurando o input
2024-10-29 13:47:41,893 - INFO - Buscando ofertas...
2024-10-29 13:48:09,648 - INFO - Configurando o input
2024-10-29 13:48:14,126 - INFO - Buscando ofertas...
2024-10-29 13:48:27,532 - INFO - Esperando...
2024-10-29 14:11:15,242 - INFO - Carregando dados...
2024-10-29 14:11:15,243 - INFO - |- Abrindo tela
2024-10-29 14:11:15,244 - INFO - ====== WebDriver manager ======
2024-10-29 14:11:15,381 - INFO - Get LATEST chromedriver version for google-chrome
2024-10-29 14:11:15,434 - INFO - Get LATEST chromedriver version for google-chrome
2024-10-29 14:11:15,489 - INFO - Driver [/home/gabriel/.wdm/drivers/chromedriver/linux64/130.0.6723.69/chromedriver-linux64/chromedriver] found in cache
2024-10-29 14:11:17,472 - INFO - patching driver executable /home/gabriel/.local/share/undetected_chromedriver/undetected_chromedriver
2024-10-29 14:11:21,068 - INFO - Fazendo login...
2024-10-29 14:11:28,171 - INFO - Escolhendo consorcio...
2024-10-29 14:11:32,353 - INFO - Configurando o input
2024-10-29 14:11:37,373 - INFO - Buscando ofertas na faixa de 55000.0...
2024-10-29 14:11:57,903 - INFO - Configurando o input
2024-10-29 14:12:08,452 - INFO - Buscando ofertas na faixa de 85000.0...
2024-10-29 14:12:29,029 - INFO - Configurando o input
2024-10-29 14:12:39,623 - INFO - Buscando ofertas na faixa de 115000.0...
2024-10-29 14:13:24,509 - INFO - Configurando o input
2024-10-29 14:13:35,068 - INFO - Buscando ofertas na faixa de 145000.0...
2024-10-29 14:14:19,720 - INFO - Configurando o input
2024-10-29 14:14:30,317 - INFO - Buscando ofertas na faixa de 175000.0...
2024-10-29 14:14:50,952 - INFO - Configurando o input
2024-10-29 14:15:01,582 - INFO - Buscando ofertas na faixa de 205000.0...
2024-10-29 14:15:46,087 - INFO - Configurando o input
2024-10-29 14:15:56,638 - INFO - Buscando ofertas na faixa de 235000.0...
2024-10-29 14:16:41,050 - INFO - Configurando o input
2024-10-29 14:16:51,575 - INFO - Buscando ofertas na faixa de 265000.0...
2024-10-29 14:17:36,062 - INFO - Configurando o input
2024-10-29 14:17:46,633 - INFO - Buscando ofertas na faixa de 295000.0...
2024-10-29 14:17:54,924 - INFO - Configurando o input
2024-10-29 14:18:05,487 - INFO - Buscando ofertas na faixa de 325000.0...
2024-10-29 14:18:13,756 - INFO - Configurando o input
2024-10-29 14:18:24,381 - INFO - Buscando ofertas na faixa de 700000.0...
2024-10-29 14:18:44,764 - INFO - Esperando...
2024-10-29 14:27:06,758 - INFO - Carregando dados...
2024-10-29 14:27:06,758 - INFO - |- Abrindo tela
2024-10-29 14:27:06,759 - INFO - ====== WebDriver manager ======
2024-10-29 14:27:06,894 - INFO - Get LATEST chromedriver version for google-chrome
2024-10-29 14:27:06,945 - INFO - Get LATEST chromedriver version for google-chrome
2024-10-29 14:27:07,007 - INFO - Driver [/home/gabriel/.wdm/drivers/chromedriver/linux64/130.0.6723.69/chromedriver-linux64/chromedriver] found in cache
2024-10-29 14:27:08,917 - INFO - patching driver executable /home/gabriel/.local/share/undetected_chromedriver/undetected_chromedriver
2024-10-29 14:27:55,309 - INFO - Carregando dados...
2024-10-29 14:27:55,310 - INFO - |- Abrindo tela
2024-10-29 14:27:55,311 - INFO - ====== WebDriver manager ======
2024-10-29 14:27:55,447 - INFO - Get LATEST chromedriver version for google-chrome
2024-10-29 14:27:55,501 - INFO - Get LATEST chromedriver version for google-chrome
2024-10-29 14:27:55,555 - INFO - Driver [/home/gabriel/.wdm/drivers/chromedriver/linux64/130.0.6723.69/chromedriver-linux64/chromedriver] found in cache
2024-10-29 14:27:57,450 - INFO - patching driver executable /home/gabriel/.local/share/undetected_chromedriver/undetected_chromedriver
2024-10-29 14:28:00,632 - INFO - Fazendo login...
2024-10-29 14:28:07,380 - INFO - Escolhendo consorcio...
2024-10-29 14:28:11,501 - INFO - Configurando o input
2024-10-29 14:28:16,671 - INFO - Buscando ofertas na faixa de 55000.0...
2024-10-29 14:28:22,953 - INFO - Oportunidade encontrada na faixa de 55000.0...
2024-10-29 14:28:34,937 - INFO - Mensagem enviada com sucesso...
2024-10-29 14:28:36,957 - INFO - Configurando o input
2024-10-29 14:28:47,525 - INFO - Buscando ofertas na faixa de 85000.0...
2024-10-29 14:28:54,075 - INFO - Oportunidade encontrada na faixa de 85000.0...
2024-10-29 14:29:06,131 - INFO - Mensagem enviada com sucesso...
2024-10-29 14:29:08,154 - INFO - Configurando o input
2024-10-29 14:29:18,694 - INFO - Buscando ofertas na faixa de 115000.0...
2024-10-29 14:29:25,034 - INFO - Oportunidade encontrada na faixa de 115000.0...
2024-10-29 14:29:37,066 - INFO - Mensagem enviada com sucesso...
2024-10-29 14:29:37,278 - INFO - Oportunidade encontrada na faixa de 115000.0...
2024-10-29 14:29:49,367 - INFO - Mensagem enviada com sucesso...
2024-10-29 14:29:49,564 - INFO - Oportunidade encontrada na faixa de 115000.0...
2024-10-29 14:30:01,696 - INFO - Mensagem enviada com sucesso...
2024-10-29 14:30:03,818 - INFO - Configurando o input
2024-10-29 14:30:14,449 - INFO - Buscando ofertas na faixa de 145000.0...
2024-10-29 14:30:20,901 - INFO - Oportunidade encontrada na faixa de 145000.0...
2024-10-29 14:30:33,052 - INFO - Mensagem enviada com sucesso...
2024-10-29 14:30:33,153 - INFO - Oportunidade encontrada na faixa de 145000.0...
2024-10-29 14:30:45,488 - INFO - Mensagem enviada com sucesso...
2024-10-29 14:30:45,843 - INFO - Oportunidade encontrada na faixa de 145000.0...
2024-10-29 14:30:57,806 - INFO - Mensagem enviada com sucesso...
2024-10-29 14:30:59,884 - INFO - Configurando o input
2024-10-29 14:31:10,417 - INFO - Buscando ofertas na faixa de 175000.0...
2024-10-29 14:31:16,804 - INFO - Oportunidade encontrada na faixa de 175000.0...
2024-10-29 14:31:28,773 - INFO - Mensagem enviada com sucesso...
2024-10-29 14:31:31,030 - INFO - Configurando o input
2024-10-29 14:31:41,618 - INFO - Buscando ofertas na faixa de 205000.0...
2024-10-29 14:31:48,118 - INFO - Oportunidade encontrada na faixa de 205000.0...
2024-10-29 14:32:00,105 - INFO - Mensagem enviada com sucesso...
2024-10-29 14:32:00,214 - INFO - Oportunidade encontrada na faixa de 205000.0...
2024-10-29 14:32:12,147 - INFO - Mensagem enviada com sucesso...
2024-10-29 14:32:12,193 - INFO - Oportunidade encontrada na faixa de 205000.0...
2024-10-29 14:32:24,090 - INFO - Mensagem enviada com sucesso...
2024-10-29 14:32:26,122 - INFO - Configurando o input
2024-10-29 14:32:36,556 - INFO - Buscando ofertas na faixa de 235000.0...
2024-10-29 14:32:42,793 - INFO - Oportunidade encontrada na faixa de 235000.0...
2024-10-29 14:32:54,779 - INFO - Mensagem enviada com sucesso...
2024-10-29 14:32:54,862 - INFO - Oportunidade encontrada na faixa de 235000.0...
2024-10-29 14:33:06,949 - INFO - Mensagem enviada com sucesso...
2024-10-29 14:33:07,015 - INFO - Oportunidade encontrada na faixa de 235000.0...
2024-10-29 14:33:19,526 - INFO - Mensagem enviada com sucesso...
2024-10-29 14:33:21,583 - INFO - Configurando o input
2024-10-29 14:33:32,149 - INFO - Buscando ofertas na faixa de 265000.0...
2024-10-29 14:43:10,712 - INFO - Carregando dados...
2024-10-29 14:43:10,713 - INFO - |- Abrindo tela
2024-10-29 14:43:10,713 - INFO - ====== WebDriver manager ======
2024-10-29 14:43:10,849 - INFO - Get LATEST chromedriver version for google-chrome
2024-10-29 14:43:10,897 - INFO - Get LATEST chromedriver version for google-chrome
2024-10-29 14:43:10,950 - INFO - Driver [/home/gabriel/.wdm/drivers/chromedriver/linux64/130.0.6723.69/chromedriver-linux64/chromedriver] found in cache
2024-10-29 14:43:13,082 - INFO - patching driver executable /home/gabriel/.local/share/undetected_chromedriver/undetected_chromedriver
2024-10-29 14:43:16,546 - INFO - Fazendo login...
2024-10-29 14:43:23,024 - INFO - Escolhendo consorcio...
2024-10-29 14:43:27,131 - INFO - Configurando o input
2024-10-29 14:43:32,147 - INFO - Buscando ofertas na faixa de 55000.0...
2024-10-29 14:43:38,438 - INFO - Oportunidade encontrada na faixa de 55000.0...
2024-10-29 14:43:50,394 - INFO - Mensagem enviada com sucesso...
2024-10-29 14:43:52,413 - INFO - Configurando o input
2024-10-29 14:44:02,989 - INFO - Buscando ofertas na faixa de 85000.0...
2024-10-29 14:44:09,471 - INFO - Oportunidade encontrada na faixa de 85000.0...
2024-10-29 14:44:21,499 - INFO - Mensagem enviada com sucesso...
2024-10-29 14:44:23,519 - INFO - Configurando o input
2024-10-29 14:44:34,084 - INFO - Buscando ofertas na faixa de 115000.0...
2024-10-29 14:44:40,437 - INFO - Oportunidade encontrada na faixa de 115000.0...
2024-10-29 14:44:52,428 - INFO - Mensagem enviada com sucesso...
2024-10-29 14:44:52,577 - INFO - Oportunidade encontrada na faixa de 115000.0...
2024-10-29 14:45:04,529 - INFO - Mensagem enviada com sucesso...
2024-10-29 14:45:04,628 - INFO - Oportunidade encontrada na faixa de 115000.0...
2024-10-29 14:45:16,638 - INFO - Mensagem enviada com sucesso...
2024-10-29 14:45:18,712 - INFO - Configurando o input
2024-10-29 14:45:29,274 - INFO - Buscando ofertas na faixa de 145000.0...
2024-10-29 14:45:35,600 - INFO - Oportunidade encontrada na faixa de 145000.0...
2024-10-29 14:45:47,612 - INFO - Mensagem enviada com sucesso...
2024-10-29 14:45:47,704 - INFO - Oportunidade encontrada na faixa de 145000.0...
2024-10-29 14:45:59,670 - INFO - Mensagem enviada com sucesso...
2024-10-29 14:45:59,933 - INFO - Oportunidade encontrada na faixa de 145000.0...
2024-10-29 14:46:11,887 - INFO - Mensagem enviada com sucesso...
2024-10-29 14:46:13,957 - INFO - Configurando o input
2024-10-29 14:46:24,413 - INFO - Buscando ofertas na faixa de 175000.0...
2024-10-29 14:46:30,782 - INFO - Oportunidade encontrada na faixa de 175000.0...
2024-10-29 14:46:42,778 - INFO - Mensagem enviada com sucesso...
2024-10-29 14:46:45,020 - INFO - Configurando o input
2024-10-29 14:46:55,567 - INFO - Buscando ofertas na faixa de 205000.0...
2024-10-29 14:47:02,016 - INFO - Oportunidade encontrada na faixa de 205000.0...
2024-10-29 14:47:14,013 - INFO - Mensagem enviada com sucesso...
2024-10-29 14:47:14,116 - INFO - Oportunidade encontrada na faixa de 205000.0...
2024-10-29 14:47:26,077 - INFO - Mensagem enviada com sucesso...
2024-10-29 14:47:26,118 - INFO - Oportunidade encontrada na faixa de 205000.0...
2024-10-29 14:47:38,070 - INFO - Mensagem enviada com sucesso...
2024-10-29 14:47:40,092 - INFO - Configurando o input
2024-10-29 14:47:50,675 - INFO - Buscando ofertas na faixa de 235000.0...
2024-10-29 14:47:56,998 - INFO - Oportunidade encontrada na faixa de 235000.0...
2024-10-29 14:48:08,948 - INFO - Mensagem enviada com sucesso...
2024-10-29 14:48:09,047 - INFO - Oportunidade encontrada na faixa de 235000.0...
2024-10-29 14:48:21,043 - INFO - Mensagem enviada com sucesso...
2024-10-29 14:48:21,095 - INFO - Oportunidade encontrada na faixa de 235000.0...
2024-10-29 14:48:33,070 - INFO - Mensagem enviada com sucesso...
2024-10-29 14:48:35,091 - INFO - Configurando o input
2024-10-29 14:48:45,615 - INFO - Buscando ofertas na faixa de 265000.0...
2024-10-29 14:48:51,882 - INFO - Oportunidade encontrada na faixa de 265000.0...
2024-10-29 14:49:03,823 - INFO - Mensagem enviada com sucesso...
2024-10-29 14:49:03,922 - INFO - Oportunidade encontrada na faixa de 265000.0...
2024-10-29 14:49:16,109 - INFO - Mensagem enviada com sucesso...
2024-10-29 14:49:16,163 - INFO - Oportunidade encontrada na faixa de 265000.0...
2024-10-29 14:49:28,136 - INFO - Mensagem enviada com sucesso...
2024-10-29 14:49:30,207 - INFO - Configurando o input
2024-10-29 14:49:40,757 - INFO - Buscando ofertas na faixa de 295000.0...
2024-10-29 14:49:49,013 - INFO - Configurando o input
2024-10-29 14:49:59,540 - INFO - Buscando ofertas na faixa de 325000.0...
2024-10-29 14:50:07,779 - INFO - Configurando o input
2024-10-29 14:50:18,348 - INFO - Buscando ofertas na faixa de 355000.0...
2024-10-29 14:50:26,615 - INFO - Configurando o input
2024-10-29 14:50:37,140 - INFO - Buscando ofertas na faixa de 385000.0...
2024-10-29 14:50:45,375 - INFO - Configurando o input
2024-10-29 14:50:55,918 - INFO - Buscando ofertas na faixa de 415000.0...
2024-10-29 14:51:04,090 - INFO - Configurando o input
2024-10-29 14:51:14,791 - INFO - Buscando ofertas na faixa de 445000.0...
2024-10-29 14:51:22,999 - INFO - Configurando o input
2024-10-29 14:51:33,543 - INFO - Buscando ofertas na faixa de 475000.0...
2024-10-29 14:51:41,800 - INFO - Configurando o input
2024-10-29 14:51:52,412 - INFO - Buscando ofertas na faixa de 505000.0...
2024-10-29 14:51:58,732 - INFO - Oportunidade encontrada na faixa de 505000.0...
2024-10-29 14:52:10,869 - INFO - Mensagem enviada com sucesso...
2024-10-29 14:52:12,899 - INFO - Configurando o input
2024-10-29 14:52:23,545 - INFO - Buscando ofertas na faixa de 535000.0...
2024-10-29 14:52:29,981 - INFO - Oportunidade encontrada na faixa de 535000.0...
2024-10-29 14:52:42,340 - INFO - Mensagem enviada com sucesso...
2024-10-29 14:52:44,373 - INFO - Configurando o input
2024-10-29 14:52:54,931 - INFO - Buscando ofertas na faixa de 565000.0...
2024-10-29 14:53:01,175 - INFO - Oportunidade encontrada na faixa de 565000.0...
2024-10-29 14:53:13,155 - INFO - Mensagem enviada com sucesso...
2024-10-29 14:53:15,174 - INFO - Configurando o input
2024-10-29 14:53:25,792 - INFO - Buscando ofertas na faixa de 595000.0...
2024-10-29 14:53:32,000 - INFO - Oportunidade encontrada na faixa de 595000.0...
2024-10-29 14:53:44,086 - INFO - Mensagem enviada com sucesso...
2024-10-29 14:53:46,106 - INFO - Configurando o input
2024-10-29 14:53:56,634 - INFO - Buscando ofertas na faixa de 625000.0...
2024-10-29 14:54:02,825 - INFO - Oportunidade encontrada na faixa de 625000.0...
2024-10-29 14:54:14,775 - INFO - Mensagem enviada com sucesso...
2024-10-29 14:54:16,795 - INFO - Configurando o input
2024-10-29 14:54:27,342 - INFO - Buscando ofertas na faixa de 655000.0...
2024-10-29 14:54:33,516 - INFO - Oportunidade encontrada na faixa de 655000.0...
2024-10-29 14:54:45,554 - INFO - Mensagem enviada com sucesso...
2024-10-29 14:54:47,573 - INFO - Configurando o input
2024-10-29 14:54:58,127 - INFO - Buscando ofertas na faixa de 685000.0...
2024-10-29 14:55:04,356 - INFO - Oportunidade encontrada na faixa de 685000.0...
2024-10-29 14:55:16,374 - INFO - Mensagem enviada com sucesso...
2024-10-29 14:55:18,395 - INFO - Configurando o input
2024-10-29 14:55:24,236 - INFO - Buscando ofertas na faixa de 700000.0...
2024-10-29 14:55:30,492 - INFO - Oportunidade encontrada na faixa de 700000.0...
2024-10-29 14:55:42,480 - INFO - Mensagem enviada com sucesso...
2024-10-29 14:55:44,501 - INFO - Esperando...
2024-10-29 14:59:28,958 - INFO - Carregando dados...
2024-10-29 14:59:28,959 - INFO - |- Abrindo tela
2024-10-29 14:59:28,959 - INFO - ====== WebDriver manager ======
2024-10-29 14:59:29,090 - INFO - Get LATEST chromedriver version for google-chrome
2024-10-29 14:59:29,143 - INFO - Get LATEST chromedriver version for google-chrome
2024-10-29 14:59:29,193 - INFO - Driver [/home/gabriel/.wdm/drivers/chromedriver/linux64/130.0.6723.69/chromedriver-linux64/chromedriver] found in cache
2024-10-29 14:59:31,145 - INFO - patching driver executable /home/gabriel/.local/share/undetected_chromedriver/undetected_chromedriver
2024-10-29 14:59:35,012 - INFO - Fazendo login...
2024-10-29 14:59:41,703 - INFO - Escolhendo consorcio...
2024-10-29 14:59:45,822 - INFO - Configurando o input
2024-10-29 14:59:50,937 - INFO - Buscando ofertas na faixa de 55000.0...
2024-10-29 14:59:57,166 - INFO - Oportunidade encontrada na faixa de 55000.0...
2024-10-29 15:00:09,165 - INFO - Mensagem enviada com sucesso...
2024-10-29 15:00:11,191 - INFO - Configurando o input
2024-10-29 15:00:21,781 - INFO - Buscando ofertas na faixa de 85000.0...
2024-10-29 15:00:28,302 - INFO - Oportunidade encontrada na faixa de 85000.0...
2024-10-29 15:00:40,391 - INFO - Mensagem enviada com sucesso...
2024-10-29 15:00:42,416 - INFO - Configurando o input
2024-10-29 15:00:52,999 - INFO - Buscando ofertas na faixa de 115000.0...
2024-10-29 15:00:59,361 - INFO - Oportunidade encontrada na faixa de 115000.0...
2024-10-29 15:01:11,372 - INFO - Mensagem enviada com sucesso...
2024-10-29 15:01:11,518 - INFO - Oportunidade encontrada na faixa de 115000.0...
2024-10-29 15:01:23,492 - INFO - Mensagem enviada com sucesso...
2024-10-29 15:01:23,578 - INFO - Oportunidade encontrada na faixa de 115000.0...
2024-10-29 15:01:35,537 - INFO - Mensagem enviada com sucesso...
2024-10-29 15:01:37,600 - INFO - Configurando o input
2024-10-29 15:01:48,168 - INFO - Buscando ofertas na faixa de 145000.0...
2024-10-29 15:01:54,387 - INFO - Oportunidade encontrada na faixa de 145000.0...
2024-10-29 15:02:06,431 - INFO - Mensagem enviada com sucesso...
2024-10-29 15:02:06,527 - INFO - Oportunidade encontrada na faixa de 145000.0...
2024-10-29 15:02:18,526 - INFO - Mensagem enviada com sucesso...
2024-10-29 15:02:18,788 - INFO - Oportunidade encontrada na faixa de 145000.0...
2024-10-29 15:02:30,760 - INFO - Mensagem enviada com sucesso...
2024-10-29 15:02:32,819 - INFO - Configurando o input
2024-10-29 15:02:43,394 - INFO - Buscando ofertas na faixa de 175000.0...
2024-10-29 15:02:49,790 - INFO - Oportunidade encontrada na faixa de 175000.0...
2024-10-29 15:03:01,783 - INFO - Mensagem enviada com sucesso...
2024-10-29 15:03:04,027 - INFO - Configurando o input
2024-10-29 15:03:14,543 - INFO - Buscando ofertas na faixa de 205000.0...
2024-10-29 15:03:21,027 - INFO - Oportunidade encontrada na faixa de 205000.0...
2024-10-29 15:03:33,066 - INFO - Mensagem enviada com sucesso...
2024-10-29 15:03:33,158 - INFO - Oportunidade encontrada na faixa de 205000.0...
2024-10-29 15:03:45,176 - INFO - Mensagem enviada com sucesso...
2024-10-29 15:03:45,216 - INFO - Oportunidade encontrada na faixa de 205000.0...
2024-10-29 15:03:57,121 - INFO - Mensagem enviada com sucesso...
2024-10-29 15:03:59,155 - INFO - Configurando o input
2024-10-29 15:04:09,716 - INFO - Buscando ofertas na faixa de 235000.0...
2024-10-29 15:04:15,984 - INFO - Oportunidade encontrada na faixa de 235000.0...
2024-10-29 15:04:28,039 - INFO - Mensagem enviada com sucesso...
2024-10-29 15:04:28,142 - INFO - Oportunidade encontrada na faixa de 235000.0...
2024-10-29 15:04:40,153 - INFO - Mensagem enviada com sucesso...
2024-10-29 15:04:40,194 - INFO - Oportunidade encontrada na faixa de 235000.0...
2024-10-29 15:04:52,182 - INFO - Mensagem enviada com sucesso...
2024-10-29 15:04:54,203 - INFO - Configurando o input
2024-10-29 15:05:04,763 - INFO - Buscando ofertas na faixa de 265000.0...
2024-10-29 15:05:11,047 - INFO - Oportunidade encontrada na faixa de 265000.0...
2024-10-29 15:05:23,070 - INFO - Mensagem enviada com sucesso...
2024-10-29 15:05:23,171 - INFO - Oportunidade encontrada na faixa de 265000.0...
2024-10-29 15:05:35,154 - INFO - Mensagem enviada com sucesso...
2024-10-29 15:05:35,196 - INFO - Oportunidade encontrada na faixa de 265000.0...
2024-10-29 15:05:47,152 - INFO - Mensagem enviada com sucesso...
2024-10-29 15:05:49,215 - INFO - Configurando o input
2024-10-29 15:05:59,816 - INFO - Buscando ofertas na faixa de 295000.0...
2024-10-29 15:06:08,025 - INFO - Configurando o input
2024-10-29 15:06:18,585 - INFO - Buscando ofertas na faixa de 325000.0...
2024-10-29 15:06:26,860 - INFO - Configurando o input
2024-10-29 15:06:37,488 - INFO - Buscando ofertas na faixa de 355000.0...
2024-10-29 15:06:45,722 - INFO - Configurando o input
2024-10-29 15:06:56,284 - INFO - Buscando ofertas na faixa de 385000.0...
2024-10-29 15:07:04,532 - INFO - Configurando o input
2024-10-29 15:07:15,147 - INFO - Buscando ofertas na faixa de 415000.0...
2024-10-29 15:07:23,375 - INFO - Configurando o input
2024-10-29 15:07:33,887 - INFO - Buscando ofertas na faixa de 445000.0...
2024-10-29 15:07:42,070 - INFO - Configurando o input
2024-10-29 15:07:52,702 - INFO - Buscando ofertas na faixa de 475000.0...
2024-10-29 15:08:00,992 - INFO - Configurando o input
2024-10-29 15:08:11,527 - INFO - Buscando ofertas na faixa de 505000.0...
2024-10-29 15:08:17,840 - INFO - Oportunidade encontrada na faixa de 505000.0...
2024-10-29 15:08:29,806 - INFO - Mensagem enviada com sucesso...
2024-10-29 15:08:31,834 - INFO - Configurando o input
2024-10-29 15:08:42,481 - INFO - Buscando ofertas na faixa de 535000.0...
2024-10-29 15:08:48,792 - INFO - Oportunidade encontrada na faixa de 535000.0...
2024-10-29 15:09:00,903 - INFO - Mensagem enviada com sucesso...
2024-10-29 15:09:02,930 - INFO - Configurando o input
2024-10-29 15:09:13,504 - INFO - Buscando ofertas na faixa de 565000.0...
2024-10-29 15:09:19,814 - INFO - Oportunidade encontrada na faixa de 565000.0...
2024-10-29 15:09:31,879 - INFO - Mensagem enviada com sucesso...
2024-10-29 15:09:33,901 - INFO - Configurando o input
2024-10-29 15:09:44,477 - INFO - Buscando ofertas na faixa de 595000.0...
2024-10-29 15:09:50,717 - INFO - Oportunidade encontrada na faixa de 595000.0...
2024-10-29 15:10:02,729 - INFO - Mensagem enviada com sucesso...
2024-10-29 15:10:04,750 - INFO - Configurando o input
2024-10-29 15:10:15,335 - INFO - Buscando ofertas na faixa de 625000.0...
2024-10-29 15:10:21,551 - INFO - Oportunidade encontrada na faixa de 625000.0...
2024-10-29 15:10:33,576 - INFO - Mensagem enviada com sucesso...
2024-10-29 15:10:35,598 - INFO - Configurando o input
2024-10-29 15:10:46,156 - INFO - Buscando ofertas na faixa de 655000.0...
2024-10-29 15:10:52,422 - INFO - Oportunidade encontrada na faixa de 655000.0...
2024-10-29 15:11:04,470 - INFO - Mensagem enviada com sucesso...
2024-10-29 15:11:06,491 - INFO - Configurando o input
2024-10-29 15:11:17,093 - INFO - Buscando ofertas na faixa de 685000.0...
2024-10-29 15:11:23,344 - INFO - Oportunidade encontrada na faixa de 685000.0...
2024-10-29 15:11:35,380 - INFO - Mensagem enviada com sucesso...
2024-10-29 15:11:37,401 - INFO - Configurando o input
2024-10-29 15:11:43,216 - INFO - Buscando ofertas na faixa de 700000.0...
2024-10-29 15:11:49,414 - INFO - Oportunidade encontrada na faixa de 700000.0...
2024-10-29 15:12:01,534 - INFO - Mensagem enviada com sucesso...
2024-10-29 15:12:03,562 - INFO - Esperando...
2024-10-29 15:37:35,147 - INFO - Carregando dados...
2024-10-29 15:37:35,148 - INFO - |- Abrindo tela
2024-10-29 15:37:35,148 - INFO - ====== WebDriver manager ======
2024-10-29 15:37:35,278 - INFO - Get LATEST chromedriver version for google-chrome
2024-10-29 15:37:35,359 - INFO - Get LATEST chromedriver version for google-chrome
2024-10-29 15:37:35,422 - INFO - Driver [/home/gabriel/.wdm/drivers/chromedriver/linux64/130.0.6723.69/chromedriver-linux64/chromedriver] found in cache
2024-10-29 15:37:37,358 - INFO - patching driver executable /home/gabriel/.local/share/undetected_chromedriver/undetected_chromedriver
2024-10-29 15:37:41,391 - INFO - Fazendo login...
2024-10-29 15:37:48,037 - INFO - Escolhendo consorcio...
2024-10-29 15:37:52,157 - INFO - Configurando o input
2024-10-29 15:37:57,348 - INFO - Buscando ofertas na faixa de 55000.0...
2024-10-29 15:38:03,626 - INFO - Oportunidade encontrada na faixa de 55000.0...
2024-10-29 15:38:15,867 - INFO - Mensagem enviada com sucesso...
2024-10-29 15:38:17,895 - INFO - Configurando o input
2024-10-29 15:38:28,473 - INFO - Buscando ofertas na faixa de 85000.0...
2024-10-29 15:38:35,037 - INFO - Oportunidade encontrada na faixa de 85000.0...
2024-10-29 15:38:47,120 - INFO - Mensagem enviada com sucesso...
2024-10-29 15:38:49,140 - INFO - Configurando o input
2024-10-29 15:38:59,626 - INFO - Buscando ofertas na faixa de 115000.0...
2024-10-29 15:39:05,982 - INFO - Oportunidade encontrada na faixa de 115000.0...
2024-10-29 15:39:17,961 - INFO - Mensagem enviada com sucesso...
2024-10-29 15:39:18,098 - INFO - Oportunidade encontrada na faixa de 115000.0...
2024-10-29 15:39:30,119 - INFO - Mensagem enviada com sucesso...
2024-10-29 15:39:30,217 - INFO - Oportunidade encontrada na faixa de 115000.0...
2024-10-29 15:39:42,201 - INFO - Mensagem enviada com sucesso...
2024-10-29 15:39:44,268 - INFO - Configurando o input
2024-10-29 15:39:54,851 - INFO - Buscando ofertas na faixa de 145000.0...
2024-10-29 15:40:01,179 - INFO - Oportunidade encontrada na faixa de 145000.0...
2024-10-29 15:40:13,138 - INFO - Mensagem enviada com sucesso...
2024-10-29 15:40:13,225 - INFO - Oportunidade encontrada na faixa de 145000.0...
2024-10-29 15:40:25,262 - INFO - Mensagem enviada com sucesso...
2024-10-29 15:40:25,519 - INFO - Oportunidade encontrada na faixa de 145000.0...
2024-10-29 15:47:44,127 - INFO - Carregando dados...
2024-10-29 15:47:44,127 - INFO - |- Abrindo tela
2024-10-29 15:47:44,127 - INFO - ====== WebDriver manager ======
2024-10-29 15:47:44,265 - INFO - Get LATEST chromedriver version for google-chrome
2024-10-29 15:47:44,315 - INFO - Get LATEST chromedriver version for google-chrome
2024-10-29 15:47:44,362 - INFO - Driver [/home/gabriel/.wdm/drivers/chromedriver/linux64/130.0.6723.69/chromedriver-linux64/chromedriver] found in cache
2024-10-29 15:47:46,297 - INFO - patching driver executable /home/gabriel/.local/share/undetected_chromedriver/undetected_chromedriver
2024-10-29 15:47:49,540 - INFO - Fazendo login...
2024-10-29 15:47:56,056 - INFO - Escolhendo consorcio...
2024-10-29 15:48:00,175 - INFO - Configurando o input
2024-10-29 15:48:05,316 - INFO - Buscando ofertas na faixa de 55000.0...
2024-10-29 15:48:11,606 - INFO - Oportunidade encontrada na faixa de 55000.0...
2024-10-29 15:48:18,707 - INFO - Configurando o input
2024-10-29 15:48:29,332 - INFO - Buscando ofertas na faixa de 80000.0...
2024-10-29 15:48:37,949 - INFO - Configurando o input
2024-10-29 15:48:48,517 - INFO - Buscando ofertas na faixa de 110000.0...
2024-10-29 15:58:38,107 - INFO - Carregando dados...
2024-10-29 15:58:38,108 - INFO - |- Abrindo tela
2024-10-29 15:58:38,108 - INFO - ====== WebDriver manager ======
2024-10-29 15:58:38,246 - INFO - Get LATEST chromedriver version for google-chrome
2024-10-29 15:58:38,381 - INFO - Get LATEST chromedriver version for google-chrome
2024-10-29 15:58:38,466 - INFO - Driver [/home/gabriel/.wdm/drivers/chromedriver/linux64/130.0.6723.69/chromedriver-linux64/chromedriver] found in cache
2024-10-29 15:58:40,721 - INFO - patching driver executable /home/gabriel/.local/share/undetected_chromedriver/undetected_chromedriver
2024-10-29 15:58:44,655 - INFO - Fazendo login...
2024-10-29 15:58:51,651 - INFO - Escolhendo consorcio...
2024-10-29 15:58:55,757 - INFO - Configurando o input
2024-10-29 15:59:00,854 - INFO - Buscando ofertas na faixa de 55000.0...
2024-10-29 15:59:07,053 - INFO - Oportunidade encontrada na faixa de 55000.0...
2024-10-29 15:59:19,045 - INFO - Mensagem enviada com sucesso...
2024-10-29 15:59:21,069 - INFO - Configurando o input
2024-10-29 15:59:31,699 - INFO - Buscando ofertas na faixa de 85000.0...
2024-10-29 15:59:38,271 - INFO - Oportunidade encontrada na faixa de 85000.0...
2024-10-29 15:59:50,490 - INFO - Mensagem enviada com sucesso...
2024-10-29 15:59:52,522 - INFO - Configurando o input
2024-10-29 16:00:03,212 - INFO - Buscando ofertas na faixa de 115000.0...
2024-10-29 16:00:09,652 - INFO - Oportunidade encontrada na faixa de 115000.0...
2024-10-29 16:01:40,946 - INFO - Carregando dados...
2024-10-29 16:01:40,950 - INFO - |- Abrindo tela
2024-10-29 16:01:40,951 - INFO - ====== WebDriver manager ======
2024-10-29 16:01:41,097 - INFO - Get LATEST chromedriver version for google-chrome
2024-10-29 16:01:41,167 - INFO - Get LATEST chromedriver version for google-chrome
2024-10-29 16:01:41,219 - INFO - Driver [/home/gabriel/.wdm/drivers/chromedriver/linux64/130.0.6723.69/chromedriver-linux64/chromedriver] found in cache
2024-10-29 16:01:43,549 - INFO - patching driver executable /home/gabriel/.local/share/undetected_chromedriver/undetected_chromedriver
2024-10-29 16:01:46,807 - INFO - Fazendo login...
2024-10-29 16:01:53,520 - INFO - Escolhendo consorcio...
2024-10-29 16:01:57,729 - INFO - Configurando o input
2024-10-29 16:02:02,794 - INFO - Buscando ofertas na faixa de 55000.0...
2024-10-29 16:02:09,031 - INFO - Oportunidade encontrada na faixa de 55000.0...
2024-10-29 23:26:48,858 - INFO - Carregando dados...
2024-10-29 23:26:48,859 - INFO - |- Abrindo tela
2024-10-29 23:26:48,860 - INFO - ====== WebDriver manager ======
2024-10-29 23:26:49,221 - INFO - Get LATEST chromedriver version for google-chrome
2024-10-29 23:26:49,304 - INFO - Get LATEST chromedriver version for google-chrome
2024-10-29 23:26:49,369 - INFO - There is no [linux64] chromedriver "130.0.6723.91" for browser google-chrome "130.0.6723" in cache
2024-10-29 23:26:49,370 - INFO - Get LATEST chromedriver version for google-chrome
2024-10-29 23:26:49,532 - INFO - WebDriver version 130.0.6723.91 selected
2024-10-29 23:26:49,536 - INFO - Modern chrome version https://storage.googleapis.com/chrome-for-testing-public/130.0.6723.91/linux64/chromedriver-linux64.zip
2024-10-29 23:26:49,537 - INFO - About to download new driver from https://storage.googleapis.com/chrome-for-testing-public/130.0.6723.91/linux64/chromedriver-linux64.zip
2024-10-29 23:26:49,757 - INFO - Driver downloading response is 200
2024-10-29 23:26:51,097 - INFO - Get LATEST chromedriver version for google-chrome
2024-10-29 23:26:51,344 - INFO - Driver has been saved in cache [/home/gabriel/.wdm/drivers/chromedriver/linux64/130.0.6723.91]
2024-10-29 23:26:53,749 - INFO - patching driver executable /home/gabriel/.local/share/undetected_chromedriver/undetected_chromedriver
2024-10-29 23:26:58,326 - INFO - Fazendo login...
2024-10-29 23:27:05,078 - INFO - Escolhendo consorcio...
2024-10-29 23:27:09,180 - INFO - Configurando o input
2024-10-29 23:27:14,203 - INFO - Buscando ofertas na faixa de 55000.0...
2024-10-29 23:27:20,393 - INFO - Oportunidade encontrada na faixa de 55000.0...
2024-10-29 23:27:32,599 - INFO - Mensagem enviada com sucesso...
2024-10-29 23:27:34,625 - INFO - Configurando o input
2024-10-29 23:27:42,035 - INFO - Buscando ofertas na faixa de 75000.0...
2024-10-29 23:27:50,456 - INFO - Configurando o input
2024-10-29 23:27:57,860 - INFO - Buscando ofertas na faixa de 95000.0...
2024-10-29 23:28:04,422 - INFO - Oportunidade encontrada na faixa de 95000.0...
2024-10-29 23:28:16,689 - INFO - Mensagem enviada com sucesso...
2024-10-29 23:28:18,903 - INFO - Configurando o input
2024-10-29 23:28:26,283 - INFO - Buscando ofertas na faixa de 115000.0...
2024-10-29 23:28:32,625 - INFO - Oportunidade encontrada na faixa de 115000.0...
2024-10-29 23:28:44,614 - INFO - Mensagem enviada com sucesso...
2024-10-29 23:28:44,705 - INFO - Oportunidade encontrada na faixa de 115000.0...
2024-10-29 23:28:56,720 - INFO - Mensagem enviada com sucesso...
2024-10-29 23:28:56,825 - INFO - Oportunidade encontrada na faixa de 115000.0...
2024-10-29 23:31:26,359 - INFO - Carregando dados...
2024-10-29 23:31:26,360 - INFO - |- Abrindo tela
2024-10-29 23:31:26,361 - INFO - ====== WebDriver manager ======
2024-10-29 23:31:26,529 - INFO - Get LATEST chromedriver version for google-chrome
2024-10-29 23:31:26,581 - INFO - Get LATEST chromedriver version for google-chrome
2024-10-29 23:31:26,642 - INFO - Driver [/home/gabriel/.wdm/drivers/chromedriver/linux64/130.0.6723.91/chromedriver-linux64/chromedriver] found in cache
2024-10-29 23:31:30,027 - INFO - patching driver executable /home/gabriel/.local/share/undetected_chromedriver/undetected_chromedriver
2024-10-29 23:31:33,280 - INFO - Fazendo login...
2024-10-29 23:31:39,896 - INFO - Escolhendo consorcio...
2024-10-29 23:31:44,014 - INFO - Configurando o input
2024-10-29 23:31:49,136 - INFO - Buscando ofertas na faixa de 55000.0...
2024-10-29 23:31:55,421 - INFO - Oportunidade encontrada na faixa de 55000.0...
2024-10-29 23:32:07,456 - INFO - Mensagem enviada com sucesso...
2024-10-29 23:32:09,493 - INFO - Configurando o input
2024-10-29 23:32:16,947 - INFO - Buscando ofertas na faixa de 75000.0...
2024-10-29 23:34:24,207 - INFO - Carregando dados...
2024-10-29 23:34:24,208 - INFO - |- Abrindo tela
2024-10-29 23:34:24,208 - INFO - ====== WebDriver manager ======
2024-10-29 23:34:24,347 - INFO - Get LATEST chromedriver version for google-chrome
2024-10-29 23:34:24,400 - INFO - Get LATEST chromedriver version for google-chrome
2024-10-29 23:34:24,457 - INFO - Driver [/home/gabriel/.wdm/drivers/chromedriver/linux64/130.0.6723.91/chromedriver-linux64/chromedriver] found in cache
2024-10-29 23:34:26,516 - INFO - patching driver executable /home/gabriel/.local/share/undetected_chromedriver/undetected_chromedriver
2024-10-29 23:34:29,721 - INFO - Fazendo login...
2024-10-29 23:34:36,451 - INFO - Escolhendo consorcio...
2024-10-29 23:34:40,577 - INFO - Configurando o input
2024-10-29 23:34:45,649 - INFO - Buscando ofertas na faixa de 55000.0...
2024-10-29 23:34:55,999 - INFO - Oportunidade encontrada na faixa de 55000.0...
2024-10-29 23:35:08,058 - INFO - Mensagem enviada com sucesso...
2024-10-29 23:35:10,098 - INFO - Configurando o input
2024-10-29 23:35:17,503 - INFO - Buscando ofertas na faixa de 75000.0...
2024-10-29 23:35:38,149 - INFO - Configurando o input
2024-10-29 23:35:45,620 - INFO - Buscando ofertas na faixa de 95000.0...
2024-10-29 23:36:12,683 - INFO - Oportunidade encontrada na faixa de 95000.0...
2024-10-29 23:36:24,730 - INFO - Mensagem enviada com sucesso...
2024-10-29 23:36:28,824 - INFO - Configurando o input
2024-10-29 23:36:36,257 - INFO - Buscando ofertas na faixa de 115000.0...
2024-10-29 23:36:50,765 - INFO - Oportunidade encontrada na faixa de 115000.0...
2024-10-29 23:37:02,823 - INFO - Mensagem enviada com sucesso...
2024-10-29 23:37:07,003 - INFO - Oportunidade encontrada na faixa de 115000.0...
2024-10-29 23:37:19,038 - INFO - Mensagem enviada com sucesso...
2024-10-29 23:37:23,196 - INFO - Oportunidade encontrada na faixa de 115000.0...
2024-10-29 23:37:35,259 - INFO - Mensagem enviada com sucesso...
2024-10-29 23:37:39,433 - INFO - Oportunidade encontrada na faixa de 115000.0...
2024-10-29 23:37:51,451 - INFO - Mensagem enviada com sucesso...
2024-10-29 23:37:55,540 - INFO - Configurando o input
2024-10-29 23:38:02,999 - INFO - Buscando ofertas na faixa de 135000.0...
2024-10-29 23:38:13,228 - INFO - Oportunidade encontrada na faixa de 135000.0...
2024-10-29 23:38:25,255 - INFO - Mensagem enviada com sucesso...
2024-10-29 23:38:29,395 - INFO - Oportunidade encontrada na faixa de 135000.0...
2024-10-29 23:38:41,433 - INFO - Mensagem enviada com sucesso...
2024-10-29 23:38:45,598 - INFO - Oportunidade encontrada na faixa de 135000.0...
2024-10-29 23:38:57,639 - INFO - Mensagem enviada com sucesso...
2024-10-29 23:39:10,127 - INFO - Configurando o input
2024-10-29 23:39:17,654 - INFO - Buscando ofertas na faixa de 155000.0...
2024-10-29 23:39:27,930 - INFO - Oportunidade encontrada na faixa de 155000.0...
2024-10-29 23:39:39,947 - INFO - Mensagem enviada com sucesso...
2024-10-29 23:39:44,095 - INFO - Oportunidade encontrada na faixa de 155000.0...
2024-10-29 23:39:56,113 - INFO - Mensagem enviada com sucesso...
2024-10-29 23:40:08,612 - INFO - Oportunidade encontrada na faixa de 155000.0...
2024-10-29 23:40:20,801 - INFO - Mensagem enviada com sucesso...
2024-10-29 23:40:29,069 - INFO - Configurando o input
2024-10-29 23:40:36,545 - INFO - Buscando ofertas na faixa de 175000.0...
2024-10-29 23:40:53,068 - INFO - Oportunidade encontrada na faixa de 175000.0...
2024-10-29 23:41:05,083 - INFO - Mensagem enviada com sucesso...
2024-10-29 23:41:17,466 - INFO - Configurando o input
2024-10-29 23:41:24,908 - INFO - Buscando ofertas na faixa de 195000.0...
2024-10-29 23:41:33,210 - INFO - Oportunidade encontrada na faixa de 195000.0...
2024-10-29 23:41:45,275 - INFO - Mensagem enviada com sucesso...
2024-10-29 23:42:00,010 - INFO - Oportunidade encontrada na faixa de 195000.0...
2024-10-29 23:42:12,049 - INFO - Mensagem enviada com sucesso...
2024-10-29 23:42:16,262 - INFO - Oportunidade encontrada na faixa de 195000.0...
2024-10-29 23:42:28,489 - INFO - Mensagem enviada com sucesso...
2024-10-29 23:42:30,510 - INFO - Configurando o input
2024-10-29 23:42:37,896 - INFO - Buscando ofertas na faixa de 215000.0...
2024-10-29 23:42:56,529 - INFO - Oportunidade encontrada na faixa de 215000.0...
2024-10-29 23:43:08,521 - INFO - Mensagem enviada com sucesso...
2024-10-29 23:43:12,706 - INFO - Oportunidade encontrada na faixa de 215000.0...
2024-10-29 23:43:24,743 - INFO - Mensagem enviada com sucesso...
2024-10-29 23:43:26,765 - INFO - Configurando o input
2024-10-29 23:43:34,105 - INFO - Buscando ofertas na faixa de 235000.0...
2024-10-29 23:43:48,574 - INFO - Oportunidade encontrada na faixa de 235000.0...
2024-10-29 23:44:00,547 - INFO - Mensagem enviada com sucesso...
2024-10-29 23:44:04,704 - INFO - Oportunidade encontrada na faixa de 235000.0...
2024-10-29 23:44:16,684 - INFO - Mensagem enviada com sucesso...
2024-10-29 23:44:18,704 - INFO - Configurando o input
2024-10-29 23:44:26,122 - INFO - Buscando ofertas na faixa de 255000.0...
2024-10-29 23:44:36,452 - INFO - Oportunidade encontrada na faixa de 255000.0...
2024-10-29 23:44:48,491 - INFO - Mensagem enviada com sucesso...
2024-10-29 23:44:52,641 - INFO - Oportunidade encontrada na faixa de 255000.0...
2024-10-29 23:45:04,678 - INFO - Mensagem enviada com sucesso...
2024-10-29 23:45:08,794 - INFO - Configurando o input
2024-10-29 23:45:16,254 - INFO - Buscando ofertas na faixa de 275000.0...
2024-10-29 23:45:24,488 - INFO - Oportunidade encontrada na faixa de 275000.0...
2024-10-29 23:45:36,527 - INFO - Mensagem enviada com sucesso...
2024-10-29 23:45:40,636 - INFO - Configurando o input
2024-10-29 23:45:48,042 - INFO - Buscando ofertas na faixa de 295000.0...
2024-10-29 23:45:58,260 - INFO - Configurando o input
2024-10-29 23:46:05,698 - INFO - Buscando ofertas na faixa de 315000.0...
2024-10-29 23:46:15,972 - INFO - Configurando o input
2024-10-29 23:46:23,504 - INFO - Buscando ofertas na faixa de 335000.0...
2024-10-29 23:46:33,801 - INFO - Configurando o input
2024-10-29 23:46:41,232 - INFO - Buscando ofertas na faixa de 355000.0...
2024-10-29 23:46:51,490 - INFO - Configurando o input
2024-10-29 23:46:58,920 - INFO - Buscando ofertas na faixa de 375000.0...
2024-10-29 23:47:09,135 - INFO - Configurando o input
2024-10-29 23:47:16,526 - INFO - Buscando ofertas na faixa de 395000.0...
2024-10-29 23:47:26,783 - INFO - Configurando o input
2024-10-29 23:47:34,215 - INFO - Buscando ofertas na faixa de 415000.0...
2024-10-29 23:47:44,459 - INFO - Configurando o input
2024-10-29 23:47:51,901 - INFO - Buscando ofertas na faixa de 435000.0...
2024-10-29 23:48:02,164 - INFO - Configurando o input
2024-10-29 23:48:09,619 - INFO - Buscando ofertas na faixa de 455000.0...
2024-10-29 23:48:19,890 - INFO - Configurando o input
2024-10-29 23:48:27,273 - INFO - Buscando ofertas na faixa de 475000.0...
2024-10-29 23:48:39,626 - INFO - Configurando o input
2024-10-29 23:48:47,074 - INFO - Buscando ofertas na faixa de 495000.0...
2024-10-29 23:48:59,400 - INFO - Configurando o input
2024-10-29 23:49:06,871 - INFO - Buscando ofertas na faixa de 515000.0...
2024-10-29 23:49:19,281 - INFO - Oportunidade encontrada na faixa de 515000.0...
2024-10-29 23:49:31,319 - INFO - Mensagem enviada com sucesso...
2024-10-29 23:49:33,342 - INFO - Configurando o input
2024-10-29 23:49:40,785 - INFO - Buscando ofertas na faixa de 535000.0...
2024-10-29 23:49:53,187 - INFO - Oportunidade encontrada na faixa de 535000.0...
2024-10-29 23:50:05,223 - INFO - Mensagem enviada com sucesso...
2024-10-29 23:50:07,248 - INFO - Configurando o input
2024-10-29 23:50:14,679 - INFO - Buscando ofertas na faixa de 555000.0...
2024-10-29 23:50:24,983 - INFO - Oportunidade encontrada na faixa de 555000.0...
2024-10-29 23:50:37,001 - INFO - Mensagem enviada com sucesso...
2024-10-29 23:50:39,022 - INFO - Configurando o input
2024-10-29 23:50:46,448 - INFO - Buscando ofertas na faixa de 575000.0...
2024-10-29 23:50:56,745 - INFO - Oportunidade encontrada na faixa de 575000.0...
2024-10-29 23:51:08,761 - INFO - Mensagem enviada com sucesso...
2024-10-29 23:51:10,784 - INFO - Configurando o input
2024-10-29 23:51:18,218 - INFO - Buscando ofertas na faixa de 595000.0...
2024-10-29 23:51:28,534 - INFO - Oportunidade encontrada na faixa de 595000.0...
2024-10-29 23:51:40,838 - INFO - Mensagem enviada com sucesso...
2024-10-29 23:51:42,868 - INFO - Configurando o input
2024-10-29 23:51:50,312 - INFO - Buscando ofertas na faixa de 615000.0...
2024-10-29 23:52:00,652 - INFO - Oportunidade encontrada na faixa de 615000.0...
2024-10-29 23:52:12,678 - INFO - Mensagem enviada com sucesso...
2024-10-29 23:52:14,701 - INFO - Configurando o input
2024-10-29 23:52:22,113 - INFO - Buscando ofertas na faixa de 635000.0...
2024-10-29 23:52:32,442 - INFO - Oportunidade encontrada na faixa de 635000.0...
2024-10-29 23:52:44,465 - INFO - Mensagem enviada com sucesso...
2024-10-29 23:52:46,487 - INFO - Configurando o input
2024-10-29 23:52:53,909 - INFO - Buscando ofertas na faixa de 655000.0...
2024-10-29 23:53:04,203 - INFO - Oportunidade encontrada na faixa de 655000.0...
2024-10-29 23:53:16,246 - INFO - Mensagem enviada com sucesso...
2024-10-29 23:53:18,268 - INFO - Configurando o input
2024-10-29 23:53:25,675 - INFO - Buscando ofertas na faixa de 675000.0...
2024-10-29 23:53:35,937 - INFO - Oportunidade encontrada na faixa de 675000.0...
2024-10-29 23:53:47,985 - INFO - Mensagem enviada com sucesso...
2024-10-29 23:53:50,009 - INFO - Configurando o input
2024-10-29 23:53:57,431 - INFO - Buscando ofertas na faixa de 695000.0...
2024-10-29 23:54:07,739 - INFO - Oportunidade encontrada na faixa de 695000.0...
2024-10-29 23:54:19,760 - INFO - Mensagem enviada com sucesso...
2024-10-29 23:54:21,785 - INFO - Configurando o input
2024-10-29 23:54:24,523 - INFO - Buscando ofertas na faixa de 700000.0...
2024-10-29 23:54:34,846 - INFO - Oportunidade encontrada na faixa de 700000.0...
2024-10-29 23:54:46,871 - INFO - Mensagem enviada com sucesso...
2024-10-29 23:54:48,893 - INFO - Esperando...
2024-10-29 23:56:57,560 - INFO - Carregando dados...
2024-10-29 23:56:57,561 - INFO - |- Abrindo tela
2024-10-29 23:56:57,561 - INFO - ====== WebDriver manager ======
2024-10-29 23:56:57,705 - INFO - Get LATEST chromedriver version for google-chrome
2024-10-29 23:56:57,819 - INFO - Get LATEST chromedriver version for google-chrome
2024-10-29 23:56:57,878 - INFO - Driver [/home/gabriel/.wdm/drivers/chromedriver/linux64/130.0.6723.91/chromedriver-linux64/chromedriver] found in cache
2024-10-29 23:56:59,741 - INFO - patching driver executable /home/gabriel/.local/share/undetected_chromedriver/undetected_chromedriver
2024-10-29 23:57:03,036 - INFO - Fazendo login...
2024-10-29 23:57:09,609 - INFO - Escolhendo consorcio...
2024-10-29 23:57:13,734 - INFO - Configurando o input
2024-10-29 23:57:18,897 - INFO - Buscando ofertas na faixa de 55000.0...
2024-10-29 23:57:29,177 - INFO - Oportunidade encontrada na faixa de 55000.0...
2024-10-29 23:57:41,324 - INFO - Mensagem enviada com sucesso...
2024-10-29 23:57:43,355 - INFO - Configurando o input
2024-10-29 23:57:50,734 - INFO - Buscando ofertas na faixa de 75000.0...
2024-10-29 23:58:11,341 - INFO - Configurando o input
2024-10-29 23:58:18,760 - INFO - Buscando ofertas na faixa de 95000.0...
2024-10-29 23:58:45,733 - INFO - Oportunidade encontrada na faixa de 95000.0...
2024-10-29 23:58:57,710 - INFO - Mensagem enviada com sucesso...
2024-10-29 23:59:01,837 - INFO - Configurando o input
2024-10-29 23:59:09,276 - INFO - Buscando ofertas na faixa de 115000.0...
2024-10-29 23:59:23,802 - INFO - Oportunidade encontrada na faixa de 115000.0...
2024-10-29 23:59:35,786 - INFO - Mensagem enviada com sucesso...
2024-10-29 23:59:39,952 - INFO - Oportunidade encontrada na faixa de 115000.0...
2024-10-29 23:59:51,950 - INFO - Mensagem enviada com sucesso...
2024-10-29 23:59:56,110 - INFO - Oportunidade encontrada na faixa de 115000.0...
2024-10-30 00:00:08,181 - INFO - Mensagem enviada com sucesso...
2024-10-30 00:00:12,347 - INFO - Oportunidade encontrada na faixa de 115000.0...
