2024-11-03 15:10:13,181 - INFO - Carregando dados...
2024-11-03 15:10:13,181 - INFO - |- Abrindo tela
2024-11-03 15:10:13,181 - INFO - ====== WebDriver manager ======
2024-11-03 15:10:13,580 - INFO - Get LATEST chromedriver version for google-chrome
2024-11-03 15:10:13,739 - INFO - Get LATEST chromedriver version for google-chrome
2024-11-03 15:10:13,806 - INFO - Get LATEST chromedriver version for google-chrome
2024-11-03 15:10:13,971 - INFO - WebDriver version 130.0.6723.91 selected
2024-11-03 15:10:13,976 - INFO - Modern chrome version https://storage.googleapis.com/chrome-for-testing-public/130.0.6723.91/linux64/chromedriver-linux64.zip
2024-11-03 15:10:13,976 - INFO - About to download new driver from https://storage.googleapis.com/chrome-for-testing-public/130.0.6723.91/linux64/chromedriver-linux64.zip
2024-11-03 15:10:14,191 - INFO - Driver downloading response is 200
2024-11-03 15:10:15,546 - INFO - Get LATEST chromedriver version for google-chrome
2024-11-03 15:10:15,884 - INFO - Driver has been saved in cache [/home/gabriel/.wdm/drivers/chromedriver/linux64/130.0.6723.91]
2024-11-03 15:10:17,765 - INFO - patching driver executable /home/gabriel/.local/share/undetected_chromedriver/undetected_chromedriver
2024-11-03 15:10:22,115 - INFO - Fazendo login...
2024-11-03 15:10:28,474 - INFO - Escolhendo consorcio...
2024-11-03 15:10:32,564 - INFO - Configurando o input
2024-11-03 15:10:39,963 - INFO - Carregando dados...
2024-11-03 15:10:39,964 - INFO - |- Abrindo tela
2024-11-03 15:10:39,964 - INFO - ====== WebDriver manager ======
2024-11-03 15:10:40,106 - INFO - Get LATEST chromedriver version for google-chrome
2024-11-03 15:10:40,340 - INFO - Get LATEST chromedriver version for google-chrome
2024-11-03 15:10:40,407 - INFO - Driver [/home/gabriel/.wdm/drivers/chromedriver/linux64/130.0.6723.91/chromedriver-linux64/chromedriver] found in cache
2024-11-03 15:10:42,323 - INFO - patching driver executable /home/gabriel/.local/share/undetected_chromedriver/undetected_chromedriver
2024-11-03 15:10:45,781 - INFO - Fazendo login...
2024-11-03 15:11:00,292 - INFO - Carregando dados...
2024-11-03 15:11:00,292 - INFO - |- Abrindo tela
2024-11-03 15:11:00,293 - INFO - ====== WebDriver manager ======
2024-11-03 15:11:00,430 - INFO - Get LATEST chromedriver version for google-chrome
2024-11-03 15:11:00,486 - INFO - Get LATEST chromedriver version for google-chrome
2024-11-03 15:11:00,545 - INFO - Driver [/home/gabriel/.wdm/drivers/chromedriver/linux64/130.0.6723.91/chromedriver-linux64/chromedriver] found in cache
2024-11-03 15:11:02,553 - INFO - patching driver executable /home/gabriel/.local/share/undetected_chromedriver/undetected_chromedriver
2024-11-03 15:11:07,471 - INFO - Fazendo login...
2024-11-03 15:11:14,440 - INFO - Escolhendo consorcio...
2024-11-03 15:21:02,276 - INFO - Carregando dados...
2024-11-03 15:21:02,277 - INFO - |- Abrindo tela
2024-11-03 15:21:02,277 - INFO - ====== WebDriver manager ======
2024-11-03 15:21:02,412 - INFO - Get LATEST chromedriver version for google-chrome
2024-11-03 15:21:02,534 - INFO - Get LATEST chromedriver version for google-chrome
2024-11-03 15:21:02,595 - INFO - Driver [/home/gabriel/.wdm/drivers/chromedriver/linux64/130.0.6723.91/chromedriver-linux64/chromedriver] found in cache
2024-11-03 15:21:06,047 - INFO - patching driver executable /home/gabriel/.local/share/undetected_chromedriver/undetected_chromedriver
2024-11-03 15:21:09,957 - INFO - Fazendo login...
2024-11-03 15:21:16,628 - INFO - Escolhendo consorcio...
2024-11-03 15:21:20,782 - INFO - Configurando o input
2024-11-03 15:21:25,975 - INFO - Buscando ofertas na faixa de 55000.0...
2024-11-03 15:21:39,222 - INFO - Oportunidade encontrada na faixa de 55000.0...
2024-11-03 15:21:53,461 - INFO - Mensagem enviada com sucesso...
2024-11-03 15:21:59,692 - INFO - Oportunidade encontrada na faixa de 55000.0...
