2024-10-28 20:15:16,864 - INFO - Carregando dados...
2024-10-28 20:15:16,864 - INFO - |- Abrindo tela
2024-10-28 20:15:16,865 - INFO - ====== WebDriver manager ======
2024-10-28 20:15:16,948 - INFO - Get LATEST chromedriver version for google-chrome
2024-10-28 20:15:17,075 - INFO - Get LATEST chromedriver version for google-chrome
2024-10-28 20:15:17,144 - INFO - Get LATEST chromedriver version for google-chrome
2024-10-28 20:15:17,266 - INFO - WebDriver version 130.0.6723.69 selected
2024-10-28 20:15:17,267 - INFO - Modern chrome version https://storage.googleapis.com/chrome-for-testing-public/130.0.6723.69/linux64/chromedriver-linux64.zip
2024-10-28 20:15:17,267 - INFO - About to download new driver from https://storage.googleapis.com/chrome-for-testing-public/130.0.6723.69/linux64/chromedriver-linux64.zip
2024-10-28 20:15:17,567 - INFO - Driver downloading response is 200
2024-10-28 20:15:18,161 - INFO - Get LATEST chromedriver version for google-chrome
2024-10-28 20:15:18,383 - INFO - Driver has been saved in cache [/home/emilsonsn/.wdm/drivers/chromedriver/linux64/130.0.6723.69]
2024-10-28 20:15:19,311 - INFO - patching driver executable /home/emilsonsn/.local/share/undetected_chromedriver/undetected_chromedriver
2024-10-28 20:15:23,434 - INFO - Fazendo login...
2024-10-28 20:15:29,054 - INFO - Escolhendo consorcio...
2024-10-28 20:15:33,115 - INFO - Configurando o input
2024-10-28 20:15:37,876 - INFO - Buscando ofertas...
2024-10-28 20:15:44,265 - INFO - Carregando dados...
2024-10-28 20:15:44,265 - INFO - |- Abrindo tela
2024-10-28 20:15:44,266 - INFO - ====== WebDriver manager ======
2024-10-28 20:15:44,355 - INFO - Get LATEST chromedriver version for google-chrome
2024-10-28 20:15:44,407 - INFO - Get LATEST chromedriver version for google-chrome
2024-10-28 20:15:44,461 - INFO - Driver [/home/emilsonsn/.wdm/drivers/chromedriver/linux64/130.0.6723.69/chromedriver-linux64/chromedriver] found in cache
2024-10-28 20:15:45,538 - INFO - patching driver executable /home/emilsonsn/.local/share/undetected_chromedriver/undetected_chromedriver
2024-10-28 20:15:48,697 - INFO - Fazendo login...
2024-10-28 20:15:54,446 - INFO - Escolhendo consorcio...
2024-10-28 20:15:58,500 - INFO - Configurando o input
2024-10-28 20:16:03,289 - INFO - Buscando ofertas...
2024-10-28 20:16:15,943 - INFO - Configurando o input
2024-10-28 20:16:20,191 - INFO - Buscando ofertas...
2024-10-28 20:16:45,169 - INFO - Carregando dados...
2024-10-28 20:16:45,169 - INFO - |- Abrindo tela
2024-10-28 20:16:45,170 - INFO - ====== WebDriver manager ======
2024-10-28 20:16:45,293 - INFO - Get LATEST chromedriver version for google-chrome
2024-10-28 20:16:45,348 - INFO - Get LATEST chromedriver version for google-chrome
2024-10-28 20:16:45,414 - INFO - Driver [/home/emilsonsn/.wdm/drivers/chromedriver/linux64/130.0.6723.69/chromedriver-linux64/chromedriver] found in cache
2024-10-28 20:16:46,350 - INFO - patching driver executable /home/emilsonsn/.local/share/undetected_chromedriver/undetected_chromedriver
2024-10-28 20:17:07,465 - INFO - Carregando dados...
2024-10-28 20:17:07,465 - INFO - |- Abrindo tela
2024-10-28 20:17:07,466 - INFO - ====== WebDriver manager ======
2024-10-28 20:17:07,550 - INFO - Get LATEST chromedriver version for google-chrome
2024-10-28 20:17:07,601 - INFO - Get LATEST chromedriver version for google-chrome
2024-10-28 20:17:07,652 - INFO - Driver [/home/emilsonsn/.wdm/drivers/chromedriver/linux64/130.0.6723.69/chromedriver-linux64/chromedriver] found in cache
2024-10-28 20:17:08,690 - INFO - patching driver executable /home/emilsonsn/.local/share/undetected_chromedriver/undetected_chromedriver
2024-10-28 20:17:10,870 - INFO - Fazendo login...
2024-10-28 20:17:16,460 - INFO - Escolhendo consorcio...
2024-10-28 20:17:20,507 - INFO - Configurando o input
2024-10-28 20:17:25,243 - INFO - Buscando ofertas...
2024-10-28 20:17:37,822 - INFO - Configurando o input
2024-10-28 20:17:42,037 - INFO - Buscando ofertas...
2024-10-28 20:17:54,594 - INFO - Configurando o input
2024-10-28 20:17:58,803 - INFO - Buscando ofertas...
2024-10-28 20:18:23,912 - INFO - Configurando o input
2024-10-28 20:18:28,119 - INFO - Buscando ofertas...
2024-10-28 20:18:53,341 - INFO - Configurando o input
2024-10-28 20:18:57,556 - INFO - Buscando ofertas...
2024-10-28 20:19:10,140 - INFO - Configurando o input
2024-10-28 20:19:14,352 - INFO - Buscando ofertas...
2024-10-28 20:19:28,150 - ERROR - Buscando ofertas: Message: stale element reference: stale element not found in the current frame
  (Session info: chrome=130.0.6723.69); For documentation on this error, please visit: https://www.selenium.dev/documentation/webdriver/troubleshooting/errors#stale-element-reference-exception
Stacktrace:
#0 0x5ebe4b06710a <unknown>
#1 0x5ebe4ab82460 <unknown>
#2 0x5ebe4ab88193 <unknown>
#3 0x5ebe4ab89e45 <unknown>
#4 0x5ebe4ab89ecc <unknown>
#5 0x5ebe4abcebf5 <unknown>
#6 0x5ebe4abcf221 <unknown>
#7 0x5ebe4abc3dd3 <unknown>
#8 0x5ebe4abf303d <unknown>
#9 0x5ebe4abc3958 <unknown>
#10 0x5ebe4abf31de <unknown>
#11 0x5ebe4ac11af6 <unknown>
#12 0x5ebe4abf2db3 <unknown>
#13 0x5ebe4abc1c10 <unknown>
#14 0x5ebe4abc2bee <unknown>
#15 0x5ebe4b03339b <unknown>
#16 0x5ebe4b037338 <unknown>
#17 0x5ebe4b020ebc <unknown>
#18 0x5ebe4b037eb7 <unknown>
#19 0x5ebe4b00610f <unknown>
#20 0x5ebe4b055828 <unknown>
#21 0x5ebe4b0559f0 <unknown>
#22 0x5ebe4b065f86 <unknown>
#23 0x7b441689ca94 <unknown>
#24 0x7b4416929c3c <unknown>

